{"C:\\Users\\noteb\\OneDrive\\Documentos\\Dev Joanna\\GROWDEV-Bloco_3\\Academy-Auth\\src\\express.server.ts": {"path":"C:\\Users\\noteb\\OneDrive\\Documentos\\Dev Joanna\\GROWDEV-Bloco_3\\Academy-Auth\\src\\express.server.ts","statementMap":{"0":{"start":{"line":1,"column":0},"end":{"line":1,"column":24}},"1":{"start":{"line":2,"column":0},"end":{"line":2,"column":30}},"2":{"start":{"line":3,"column":0},"end":{"line":3,"column":38}},"3":{"start":{"line":5,"column":28},"end":{"line":16,"column":1}},"4":{"start":{"line":7,"column":14},"end":{"line":7,"column":23}},"5":{"start":{"line":8,"column":2},"end":{"line":8,"column":33}},"6":{"start":{"line":9,"column":2},"end":{"line":9,"column":26}},"7":{"start":{"line":12,"column":2},"end":{"line":12,"column":18}},"8":{"start":{"line":15,"column":2},"end":{"line":15,"column":13}},"9":{"start":{"line":5,"column":13},"end":{"line":5,"column":28}}},"fnMap":{"0":{"name":"(anonymous_1)","decl":{"start":{"line":5,"column":28},"end":{"line":5,"column":31}},"loc":{"start":{"line":5,"column":33},"end":{"line":16,"column":1}}}},"branchMap":{},"s":{"0":11,"1":11,"2":11,"3":11,"4":11,"5":11,"6":11,"7":11,"8":11,"9":11},"f":{"0":11},"b":{}}
,"C:\\Users\\noteb\\OneDrive\\Documentos\\Dev Joanna\\GROWDEV-Bloco_3\\Academy-Auth\\src\\controllers\\assessment.controller.ts": {"path":"C:\\Users\\noteb\\OneDrive\\Documentos\\Dev Joanna\\GROWDEV-Bloco_3\\Academy-Auth\\src\\controllers\\assessment.controller.ts","statementMap":{"0":{"start":{"line":3,"column":0},"end":{"line":3,"column":68}},"1":{"start":{"line":7,"column":4},"end":{"line":29,"column":5}},"2":{"start":{"line":8,"column":28},"end":{"line":8,"column":43}},"3":{"start":{"line":9,"column":55},"end":{"line":9,"column":63}},"4":{"start":{"line":11,"column":40},"end":{"line":17,"column":8}},"5":{"start":{"line":19,"column":22},"end":{"line":19,"column":45}},"6":{"start":{"line":20,"column":21},"end":{"line":20,"column":47}},"7":{"start":{"line":22,"column":36},"end":{"line":22,"column":42}},"8":{"start":{"line":23,"column":6},"end":{"line":23,"column":38}},"9":{"start":{"line":25,"column":6},"end":{"line":28,"column":9}},"10":{"start":{"line":33,"column":4},"end":{"line":54,"column":5}},"11":{"start":{"line":34,"column":28},"end":{"line":34,"column":43}},"12":{"start":{"line":35,"column":29},"end":{"line":35,"column":38}},"13":{"start":{"line":37,"column":22},"end":{"line":37,"column":45}},"14":{"start":{"line":38,"column":21},"end":{"line":44,"column":null}},"15":{"start":{"line":47,"column":36},"end":{"line":47,"column":42}},"16":{"start":{"line":48,"column":6},"end":{"line":48,"column":38}},"17":{"start":{"line":50,"column":6},"end":{"line":53,"column":9}},"18":{"start":{"line":58,"column":4},"end":{"line":77,"column":5}},"19":{"start":{"line":59,"column":28},"end":{"line":59,"column":43}},"20":{"start":{"line":60,"column":21},"end":{"line":60,"column":31}},"21":{"start":{"line":62,"column":22},"end":{"line":62,"column":45}},"22":{"start":{"line":63,"column":21},"end":{"line":66,"column":null}},"23":{"start":{"line":69,"column":36},"end":{"line":69,"column":42}},"24":{"start":{"line":71,"column":6},"end":{"line":71,"column":38}},"25":{"start":{"line":73,"column":6},"end":{"line":76,"column":9}},"26":{"start":{"line":81,"column":4},"end":{"line":99,"column":5}},"27":{"start":{"line":82,"column":21},"end":{"line":82,"column":31}},"28":{"start":{"line":83,"column":44},"end":{"line":83,"column":52}},"29":{"start":{"line":85,"column":22},"end":{"line":85,"column":45}},"30":{"start":{"line":86,"column":21},"end":{"line":90,"column":8}},"31":{"start":{"line":92,"column":36},"end":{"line":92,"column":42}},"32":{"start":{"line":93,"column":6},"end":{"line":93,"column":38}},"33":{"start":{"line":95,"column":6},"end":{"line":98,"column":9}},"34":{"start":{"line":103,"column":4},"end":{"line":117,"column":5}},"35":{"start":{"line":104,"column":21},"end":{"line":104,"column":31}},"36":{"start":{"line":106,"column":22},"end":{"line":106,"column":45}},"37":{"start":{"line":107,"column":21},"end":{"line":107,"column":45}},"38":{"start":{"line":109,"column":36},"end":{"line":109,"column":42}},"39":{"start":{"line":111,"column":6},"end":{"line":111,"column":38}},"40":{"start":{"line":113,"column":6},"end":{"line":116,"column":9}},"41":{"start":{"line":5,"column":0},"end":{"line":5,"column":13}}},"fnMap":{"0":{"name":"(anonymous_0)","decl":{"start":{"line":6,"column":9},"end":{"line":6,"column":15}},"loc":{"start":{"line":6,"column":56},"end":{"line":30,"column":3}}},"1":{"name":"(anonymous_1)","decl":{"start":{"line":32,"column":9},"end":{"line":32,"column":15}},"loc":{"start":{"line":32,"column":57},"end":{"line":55,"column":3}}},"2":{"name":"(anonymous_2)","decl":{"start":{"line":57,"column":9},"end":{"line":57,"column":15}},"loc":{"start":{"line":57,"column":61},"end":{"line":78,"column":3}}},"3":{"name":"(anonymous_3)","decl":{"start":{"line":80,"column":9},"end":{"line":80,"column":15}},"loc":{"start":{"line":80,"column":56},"end":{"line":100,"column":3}}},"4":{"name":"(anonymous_4)","decl":{"start":{"line":102,"column":9},"end":{"line":102,"column":15}},"loc":{"start":{"line":102,"column":56},"end":{"line":118,"column":3}}}},"branchMap":{"0":{"loc":{"start":{"line":42,"column":16},"end":{"line":42,"column":51}},"type":"cond-expr","locations":[{"start":{"line":42,"column":23},"end":{"line":42,"column":39}},{"start":{"line":42,"column":42},"end":{"line":42,"column":51}}]},"1":{"loc":{"start":{"line":43,"column":16},"end":{"line":43,"column":47}},"type":"cond-expr","locations":[{"start":{"line":43,"column":23},"end":{"line":43,"column":35}},{"start":{"line":43,"column":38},"end":{"line":43,"column":47}}]}},"s":{"0":11,"1":1,"2":1,"3":1,"4":1,"5":1,"6":1,"7":1,"8":1,"9":0,"10":2,"11":2,"12":2,"13":2,"14":2,"15":2,"16":2,"17":0,"18":1,"19":1,"20":1,"21":1,"22":1,"23":1,"24":1,"25":0,"26":1,"27":1,"28":1,"29":1,"30":1,"31":1,"32":1,"33":0,"34":1,"35":1,"36":1,"37":1,"38":1,"39":1,"40":0,"41":11},"f":{"0":1,"1":2,"2":1,"3":1,"4":1},"b":{"0":[1,1],"1":[1,1]}}
,"C:\\Users\\noteb\\OneDrive\\Documentos\\Dev Joanna\\GROWDEV-Bloco_3\\Academy-Auth\\src\\controllers\\auth.controller.ts": {"path":"C:\\Users\\noteb\\OneDrive\\Documentos\\Dev Joanna\\GROWDEV-Bloco_3\\Academy-Auth\\src\\controllers\\auth.controller.ts","statementMap":{"0":{"start":{"line":2,"column":0},"end":{"line":2,"column":42}},"1":{"start":{"line":7,"column":4},"end":{"line":23,"column":5}},"2":{"start":{"line":9,"column":34},"end":{"line":9,"column":42}},"3":{"start":{"line":12,"column":22},"end":{"line":12,"column":39}},"4":{"start":{"line":13,"column":21},"end":{"line":13,"column":61}},"5":{"start":{"line":16,"column":36},"end":{"line":16,"column":42}},"6":{"start":{"line":17,"column":6},"end":{"line":17,"column":38}},"7":{"start":{"line":19,"column":6},"end":{"line":22,"column":9}},"8":{"start":{"line":27,"column":4},"end":{"line":52,"column":5}},"9":{"start":{"line":28,"column":63},"end":{"line":28,"column":71}},"10":{"start":{"line":30,"column":30},"end":{"line":37,"column":8}},"11":{"start":{"line":40,"column":22},"end":{"line":40,"column":39}},"12":{"start":{"line":41,"column":21},"end":{"line":41,"column":47}},"13":{"start":{"line":45,"column":36},"end":{"line":45,"column":42}},"14":{"start":{"line":46,"column":6},"end":{"line":46,"column":38}},"15":{"start":{"line":48,"column":6},"end":{"line":51,"column":9}},"16":{"start":{"line":5,"column":0},"end":{"line":5,"column":13}}},"fnMap":{"0":{"name":"(anonymous_0)","decl":{"start":{"line":6,"column":9},"end":{"line":6,"column":15}},"loc":{"start":{"line":6,"column":55},"end":{"line":24,"column":3}}},"1":{"name":"(anonymous_1)","decl":{"start":{"line":26,"column":9},"end":{"line":26,"column":15}},"loc":{"start":{"line":26,"column":56},"end":{"line":53,"column":3}}}},"branchMap":{},"s":{"0":11,"1":2,"2":2,"3":2,"4":2,"5":2,"6":2,"7":0,"8":2,"9":2,"10":2,"11":2,"12":2,"13":2,"14":2,"15":0,"16":11},"f":{"0":2,"1":2},"b":{}}
,"C:\\Users\\noteb\\OneDrive\\Documentos\\Dev Joanna\\GROWDEV-Bloco_3\\Academy-Auth\\src\\controllers\\student.controller.ts": {"path":"C:\\Users\\noteb\\OneDrive\\Documentos\\Dev Joanna\\GROWDEV-Bloco_3\\Academy-Auth\\src\\controllers\\student.controller.ts","statementMap":{"0":{"start":{"line":2,"column":0},"end":{"line":2,"column":61}},"1":{"start":{"line":6,"column":4},"end":{"line":25,"column":5}},"2":{"start":{"line":8,"column":28},"end":{"line":8,"column":37}},"3":{"start":{"line":11,"column":22},"end":{"line":11,"column":42}},"4":{"start":{"line":12,"column":21},"end":{"line":15,"column":8}},"5":{"start":{"line":18,"column":36},"end":{"line":18,"column":42}},"6":{"start":{"line":19,"column":6},"end":{"line":19,"column":38}},"7":{"start":{"line":21,"column":6},"end":{"line":24,"column":9}},"8":{"start":{"line":29,"column":4},"end":{"line":50,"column":5}},"9":{"start":{"line":31,"column":28},"end":{"line":31,"column":43}},"10":{"start":{"line":32,"column":21},"end":{"line":32,"column":31}},"11":{"start":{"line":35,"column":22},"end":{"line":35,"column":42}},"12":{"start":{"line":36,"column":21},"end":{"line":39,"column":null}},"13":{"start":{"line":43,"column":36},"end":{"line":43,"column":42}},"14":{"start":{"line":44,"column":6},"end":{"line":44,"column":38}},"15":{"start":{"line":46,"column":6},"end":{"line":49,"column":9}},"16":{"start":{"line":54,"column":4},"end":{"line":77,"column":5}},"17":{"start":{"line":56,"column":21},"end":{"line":56,"column":31}},"18":{"start":{"line":57,"column":67},"end":{"line":57,"column":75}},"19":{"start":{"line":60,"column":22},"end":{"line":60,"column":42}},"20":{"start":{"line":61,"column":21},"end":{"line":67,"column":8}},"21":{"start":{"line":70,"column":36},"end":{"line":70,"column":42}},"22":{"start":{"line":71,"column":6},"end":{"line":71,"column":38}},"23":{"start":{"line":73,"column":6},"end":{"line":76,"column":9}},"24":{"start":{"line":81,"column":4},"end":{"line":97,"column":5}},"25":{"start":{"line":83,"column":21},"end":{"line":83,"column":31}},"26":{"start":{"line":86,"column":22},"end":{"line":86,"column":42}},"27":{"start":{"line":87,"column":21},"end":{"line":87,"column":45}},"28":{"start":{"line":90,"column":36},"end":{"line":90,"column":42}},"29":{"start":{"line":91,"column":6},"end":{"line":91,"column":38}},"30":{"start":{"line":93,"column":6},"end":{"line":96,"column":9}},"31":{"start":{"line":4,"column":0},"end":{"line":4,"column":13}}},"fnMap":{"0":{"name":"(anonymous_0)","decl":{"start":{"line":5,"column":9},"end":{"line":5,"column":15}},"loc":{"start":{"line":5,"column":57},"end":{"line":26,"column":3}}},"1":{"name":"(anonymous_1)","decl":{"start":{"line":28,"column":9},"end":{"line":28,"column":15}},"loc":{"start":{"line":28,"column":61},"end":{"line":51,"column":3}}},"2":{"name":"(anonymous_2)","decl":{"start":{"line":53,"column":9},"end":{"line":53,"column":15}},"loc":{"start":{"line":53,"column":56},"end":{"line":78,"column":3}}},"3":{"name":"(anonymous_3)","decl":{"start":{"line":80,"column":9},"end":{"line":80,"column":15}},"loc":{"start":{"line":80,"column":56},"end":{"line":98,"column":3}}}},"branchMap":{},"s":{"0":11,"1":2,"2":2,"3":2,"4":2,"5":2,"6":2,"7":0,"8":1,"9":1,"10":1,"11":1,"12":1,"13":1,"14":1,"15":0,"16":1,"17":1,"18":1,"19":1,"20":1,"21":1,"22":1,"23":0,"24":1,"25":1,"26":1,"27":1,"28":1,"29":1,"30":0,"31":11},"f":{"0":2,"1":1,"2":1,"3":1},"b":{}}
,"C:\\Users\\noteb\\OneDrive\\Documentos\\Dev Joanna\\GROWDEV-Bloco_3\\Academy-Auth\\src\\middlewares\\type.middleware.ts": {"path":"C:\\Users\\noteb\\OneDrive\\Documentos\\Dev Joanna\\GROWDEV-Bloco_3\\Academy-Auth\\src\\middlewares\\type.middleware.ts","statementMap":{"0":{"start":{"line":6,"column":4},"end":{"line":24,"column":6}},"1":{"start":{"line":7,"column":19},"end":{"line":7,"column":46}},"2":{"start":{"line":9,"column":6},"end":{"line":11,"column":7}},"3":{"start":{"line":10,"column":8},"end":{"line":10,"column":22}},"4":{"start":{"line":13,"column":6},"end":{"line":21,"column":7}},"5":{"start":{"line":14,"column":25},"end":{"line":14,"column":49}},"6":{"start":{"line":16,"column":8},"end":{"line":19,"column":11}},"7":{"start":{"line":20,"column":8},"end":{"line":20,"column":15}},"8":{"start":{"line":23,"column":6},"end":{"line":23,"column":13}},"9":{"start":{"line":4,"column":0},"end":{"line":4,"column":13}}},"fnMap":{"0":{"name":"(anonymous_0)","decl":{"start":{"line":5,"column":9},"end":{"line":5,"column":15}},"loc":{"start":{"line":5,"column":53},"end":{"line":25,"column":3}}},"1":{"name":"(anonymous_1)","decl":{"start":{"line":6,"column":11},"end":{"line":6,"column":12}},"loc":{"start":{"line":6,"column":63},"end":{"line":24,"column":5}}}},"branchMap":{"0":{"loc":{"start":{"line":9,"column":6},"end":{"line":11,"column":7}},"type":"if","locations":[{"start":{"line":9,"column":6},"end":{"line":11,"column":7}}]},"1":{"loc":{"start":{"line":13,"column":6},"end":{"line":21,"column":7}},"type":"if","locations":[{"start":{"line":13,"column":6},"end":{"line":21,"column":7}}]},"2":{"loc":{"start":{"line":13,"column":10},"end":{"line":13,"column":46}},"type":"binary-expr","locations":[{"start":{"line":13,"column":10},"end":{"line":13,"column":14}},{"start":{"line":13,"column":18},"end":{"line":13,"column":46}}]}},"s":{"0":33,"1":18,"2":18,"3":0,"4":18,"5":1,"6":1,"7":1,"8":17,"9":11},"f":{"0":33,"1":18},"b":{"0":[0],"1":[1],"2":[18,18]}}
,"C:\\Users\\noteb\\OneDrive\\Documentos\\Dev Joanna\\GROWDEV-Bloco_3\\Academy-Auth\\src\\middlewares\\validate-uuid.middleware.ts": {"path":"C:\\Users\\noteb\\OneDrive\\Documentos\\Dev Joanna\\GROWDEV-Bloco_3\\Academy-Auth\\src\\middlewares\\validate-uuid.middleware.ts","statementMap":{"0":{"start":{"line":5,"column":19},"end":{"line":5,"column":29}},"1":{"start":{"line":10,"column":6},"end":{"line":10,"column":71}},"2":{"start":{"line":12,"column":4},"end":{"line":18,"column":5}},"3":{"start":{"line":13,"column":6},"end":{"line":16,"column":9}},"4":{"start":{"line":17,"column":6},"end":{"line":17,"column":13}},"5":{"start":{"line":20,"column":4},"end":{"line":20,"column":11}},"6":{"start":{"line":3,"column":0},"end":{"line":3,"column":13}}},"fnMap":{"0":{"name":"(anonymous_0)","decl":{"start":{"line":4,"column":2},"end":{"line":4,"column":8}},"loc":{"start":{"line":4,"column":65},"end":{"line":21,"column":3}}}},"branchMap":{"0":{"loc":{"start":{"line":12,"column":4},"end":{"line":18,"column":5}},"type":"if","locations":[{"start":{"line":12,"column":4},"end":{"line":18,"column":5}}]}},"s":{"0":23,"1":23,"2":23,"3":6,"4":6,"5":17,"6":11},"f":{"0":23},"b":{"0":[6]}}
,"C:\\Users\\noteb\\OneDrive\\Documentos\\Dev Joanna\\GROWDEV-Bloco_3\\Academy-Auth\\src\\middlewares\\assessments\\create-assessment-middleware.ts": {"path":"C:\\Users\\noteb\\OneDrive\\Documentos\\Dev Joanna\\GROWDEV-Bloco_3\\Academy-Auth\\src\\middlewares\\assessments\\create-assessment-middleware.ts","statementMap":{"0":{"start":{"line":9,"column":29},"end":{"line":9,"column":37}},"1":{"start":{"line":11,"column":4},"end":{"line":14,"column":5}},"2":{"start":{"line":12,"column":6},"end":{"line":12,"column":76}},"3":{"start":{"line":13,"column":6},"end":{"line":13,"column":13}},"4":{"start":{"line":16,"column":4},"end":{"line":19,"column":5}},"5":{"start":{"line":17,"column":6},"end":{"line":17,"column":74}},"6":{"start":{"line":18,"column":6},"end":{"line":18,"column":13}},"7":{"start":{"line":21,"column":4},"end":{"line":21,"column":11}},"8":{"start":{"line":25,"column":42},"end":{"line":25,"column":50}},"9":{"start":{"line":27,"column":4},"end":{"line":32,"column":5}},"10":{"start":{"line":28,"column":6},"end":{"line":30,"column":69}},"11":{"start":{"line":31,"column":6},"end":{"line":31,"column":13}},"12":{"start":{"line":34,"column":4},"end":{"line":39,"column":5}},"13":{"start":{"line":35,"column":6},"end":{"line":37,"column":72}},"14":{"start":{"line":38,"column":6},"end":{"line":38,"column":13}},"15":{"start":{"line":41,"column":4},"end":{"line":44,"column":5}},"16":{"start":{"line":42,"column":6},"end":{"line":42,"column":79}},"17":{"start":{"line":43,"column":6},"end":{"line":43,"column":13}},"18":{"start":{"line":46,"column":4},"end":{"line":46,"column":11}},"19":{"start":{"line":50,"column":35},"end":{"line":50,"column":43}},"20":{"start":{"line":52,"column":4},"end":{"line":58,"column":5}},"21":{"start":{"line":53,"column":6},"end":{"line":56,"column":9}},"22":{"start":{"line":57,"column":6},"end":{"line":57,"column":13}},"23":{"start":{"line":60,"column":4},"end":{"line":66,"column":5}},"24":{"start":{"line":61,"column":6},"end":{"line":64,"column":9}},"25":{"start":{"line":65,"column":6},"end":{"line":65,"column":13}},"26":{"start":{"line":68,"column":4},"end":{"line":68,"column":11}},"27":{"start":{"line":3,"column":0},"end":{"line":3,"column":13}}},"fnMap":{"0":{"name":"(anonymous_0)","decl":{"start":{"line":4,"column":9},"end":{"line":4,"column":15}},"loc":{"start":{"line":7,"column":22},"end":{"line":22,"column":3}}},"1":{"name":"(anonymous_1)","decl":{"start":{"line":24,"column":9},"end":{"line":24,"column":15}},"loc":{"start":{"line":24,"column":77},"end":{"line":47,"column":3}}},"2":{"name":"(anonymous_2)","decl":{"start":{"line":49,"column":9},"end":{"line":49,"column":15}},"loc":{"start":{"line":49,"column":76},"end":{"line":69,"column":3}}}},"branchMap":{"0":{"loc":{"start":{"line":11,"column":4},"end":{"line":14,"column":5}},"type":"if","locations":[{"start":{"line":11,"column":4},"end":{"line":14,"column":5}}]},"1":{"loc":{"start":{"line":16,"column":4},"end":{"line":19,"column":5}},"type":"if","locations":[{"start":{"line":16,"column":4},"end":{"line":19,"column":5}}]},"2":{"loc":{"start":{"line":27,"column":4},"end":{"line":32,"column":5}},"type":"if","locations":[{"start":{"line":27,"column":4},"end":{"line":32,"column":5}}]},"3":{"loc":{"start":{"line":34,"column":4},"end":{"line":39,"column":5}},"type":"if","locations":[{"start":{"line":34,"column":4},"end":{"line":39,"column":5}}]},"4":{"loc":{"start":{"line":34,"column":8},"end":{"line":34,"column":54}},"type":"binary-expr","locations":[{"start":{"line":34,"column":8},"end":{"line":34,"column":19}},{"start":{"line":34,"column":23},"end":{"line":34,"column":54}}]},"5":{"loc":{"start":{"line":41,"column":4},"end":{"line":44,"column":5}},"type":"if","locations":[{"start":{"line":41,"column":4},"end":{"line":44,"column":5}}]},"6":{"loc":{"start":{"line":52,"column":4},"end":{"line":58,"column":5}},"type":"if","locations":[{"start":{"line":52,"column":4},"end":{"line":58,"column":5}}]},"7":{"loc":{"start":{"line":60,"column":4},"end":{"line":66,"column":5}},"type":"if","locations":[{"start":{"line":60,"column":4},"end":{"line":66,"column":5}}]},"8":{"loc":{"start":{"line":60,"column":8},"end":{"line":60,"column":45}},"type":"binary-expr","locations":[{"start":{"line":60,"column":8},"end":{"line":60,"column":19}},{"start":{"line":60,"column":23},"end":{"line":60,"column":45}}]}},"s":{"0":8,"1":8,"2":1,"3":1,"4":7,"5":1,"6":1,"7":6,"8":6,"9":6,"10":1,"11":1,"12":5,"13":1,"14":1,"15":4,"16":1,"17":1,"18":3,"19":3,"20":3,"21":1,"22":1,"23":2,"24":1,"25":1,"26":1,"27":11},"f":{"0":8,"1":6,"2":3},"b":{"0":[1],"1":[1],"2":[1],"3":[1],"4":[5,2],"5":[1],"6":[1],"7":[1],"8":[2,1]}}
,"C:\\Users\\noteb\\OneDrive\\Documentos\\Dev Joanna\\GROWDEV-Bloco_3\\Academy-Auth\\src\\middlewares\\assessments\\update-assessment.middleaware.ts": {"path":"C:\\Users\\noteb\\OneDrive\\Documentos\\Dev Joanna\\GROWDEV-Bloco_3\\Academy-Auth\\src\\middlewares\\assessments\\update-assessment.middleaware.ts","statementMap":{"0":{"start":{"line":9,"column":42},"end":{"line":9,"column":50}},"1":{"start":{"line":11,"column":4},"end":{"line":16,"column":5}},"2":{"start":{"line":12,"column":6},"end":{"line":14,"column":68}},"3":{"start":{"line":15,"column":6},"end":{"line":15,"column":13}},"4":{"start":{"line":17,"column":4},"end":{"line":22,"column":5}},"5":{"start":{"line":18,"column":6},"end":{"line":20,"column":72}},"6":{"start":{"line":21,"column":6},"end":{"line":21,"column":13}},"7":{"start":{"line":23,"column":4},"end":{"line":26,"column":5}},"8":{"start":{"line":24,"column":6},"end":{"line":24,"column":79}},"9":{"start":{"line":25,"column":6},"end":{"line":25,"column":13}},"10":{"start":{"line":28,"column":4},"end":{"line":28,"column":11}},"11":{"start":{"line":32,"column":35},"end":{"line":32,"column":43}},"12":{"start":{"line":34,"column":4},"end":{"line":40,"column":5}},"13":{"start":{"line":35,"column":6},"end":{"line":38,"column":9}},"14":{"start":{"line":39,"column":6},"end":{"line":39,"column":13}},"15":{"start":{"line":41,"column":4},"end":{"line":47,"column":5}},"16":{"start":{"line":42,"column":6},"end":{"line":45,"column":9}},"17":{"start":{"line":46,"column":6},"end":{"line":46,"column":13}},"18":{"start":{"line":48,"column":4},"end":{"line":48,"column":11}},"19":{"start":{"line":3,"column":0},"end":{"line":3,"column":13}}},"fnMap":{"0":{"name":"(anonymous_0)","decl":{"start":{"line":4,"column":9},"end":{"line":4,"column":15}},"loc":{"start":{"line":7,"column":22},"end":{"line":29,"column":3}}},"1":{"name":"(anonymous_1)","decl":{"start":{"line":31,"column":9},"end":{"line":31,"column":15}},"loc":{"start":{"line":31,"column":76},"end":{"line":49,"column":3}}}},"branchMap":{"0":{"loc":{"start":{"line":11,"column":4},"end":{"line":16,"column":5}},"type":"if","locations":[{"start":{"line":11,"column":4},"end":{"line":16,"column":5}}]},"1":{"loc":{"start":{"line":11,"column":8},"end":{"line":11,"column":42}},"type":"binary-expr","locations":[{"start":{"line":11,"column":8},"end":{"line":11,"column":13}},{"start":{"line":11,"column":17},"end":{"line":11,"column":42}}]},"2":{"loc":{"start":{"line":17,"column":4},"end":{"line":22,"column":5}},"type":"if","locations":[{"start":{"line":17,"column":4},"end":{"line":22,"column":5}}]},"3":{"loc":{"start":{"line":17,"column":8},"end":{"line":17,"column":54}},"type":"binary-expr","locations":[{"start":{"line":17,"column":8},"end":{"line":17,"column":19}},{"start":{"line":17,"column":23},"end":{"line":17,"column":54}}]},"4":{"loc":{"start":{"line":23,"column":4},"end":{"line":26,"column":5}},"type":"if","locations":[{"start":{"line":23,"column":4},"end":{"line":26,"column":5}}]},"5":{"loc":{"start":{"line":23,"column":8},"end":{"line":23,"column":42}},"type":"binary-expr","locations":[{"start":{"line":23,"column":8},"end":{"line":23,"column":13}},{"start":{"line":23,"column":17},"end":{"line":23,"column":42}}]},"6":{"loc":{"start":{"line":34,"column":4},"end":{"line":40,"column":5}},"type":"if","locations":[{"start":{"line":34,"column":4},"end":{"line":40,"column":5}}]},"7":{"loc":{"start":{"line":34,"column":8},"end":{"line":34,"column":33}},"type":"binary-expr","locations":[{"start":{"line":34,"column":8},"end":{"line":34,"column":13}},{"start":{"line":34,"column":17},"end":{"line":34,"column":33}}]},"8":{"loc":{"start":{"line":41,"column":4},"end":{"line":47,"column":5}},"type":"if","locations":[{"start":{"line":41,"column":4},"end":{"line":47,"column":5}}]},"9":{"loc":{"start":{"line":41,"column":8},"end":{"line":41,"column":45}},"type":"binary-expr","locations":[{"start":{"line":41,"column":8},"end":{"line":41,"column":19}},{"start":{"line":41,"column":23},"end":{"line":41,"column":45}}]}},"s":{"0":6,"1":6,"2":1,"3":1,"4":5,"5":1,"6":1,"7":4,"8":1,"9":1,"10":3,"11":3,"12":3,"13":1,"14":1,"15":2,"16":1,"17":1,"18":1,"19":11},"f":{"0":6,"1":3},"b":{"0":[1],"1":[6,3],"2":[1],"3":[5,3],"4":[1],"5":[4,2],"6":[1],"7":[3,2],"8":[1],"9":[2,2]}}
,"C:\\Users\\noteb\\OneDrive\\Documentos\\Dev Joanna\\GROWDEV-Bloco_3\\Academy-Auth\\src\\middlewares\\auth\\auth.middleware.ts": {"path":"C:\\Users\\noteb\\OneDrive\\Documentos\\Dev Joanna\\GROWDEV-Bloco_3\\Academy-Auth\\src\\middlewares\\auth\\auth.middleware.ts","statementMap":{"0":{"start":{"line":2,"column":0},"end":{"line":2,"column":38}},"1":{"start":{"line":15,"column":26},"end":{"line":15,"column":51}},"2":{"start":{"line":17,"column":4},"end":{"line":20,"column":5}},"3":{"start":{"line":18,"column":6},"end":{"line":18,"column":79}},"4":{"start":{"line":19,"column":6},"end":{"line":19,"column":13}},"5":{"start":{"line":23,"column":18},"end":{"line":23,"column":45}},"6":{"start":{"line":25,"column":4},"end":{"line":30,"column":5}},"7":{"start":{"line":26,"column":6},"end":{"line":28,"column":68}},"8":{"start":{"line":29,"column":6},"end":{"line":29,"column":13}},"9":{"start":{"line":32,"column":16},"end":{"line":32,"column":25}},"10":{"start":{"line":33,"column":27},"end":{"line":33,"column":49}},"11":{"start":{"line":35,"column":4},"end":{"line":40,"column":5}},"12":{"start":{"line":36,"column":6},"end":{"line":38,"column":69}},"13":{"start":{"line":39,"column":6},"end":{"line":39,"column":13}},"14":{"start":{"line":43,"column":4},"end":{"line":48,"column":6}},"15":{"start":{"line":50,"column":4},"end":{"line":50,"column":11}},"16":{"start":{"line":9,"column":0},"end":{"line":9,"column":13}}},"fnMap":{"0":{"name":"(anonymous_0)","decl":{"start":{"line":10,"column":9},"end":{"line":10,"column":15}},"loc":{"start":{"line":13,"column":22},"end":{"line":51,"column":3}}}},"branchMap":{"0":{"loc":{"start":{"line":17,"column":4},"end":{"line":20,"column":5}},"type":"if","locations":[{"start":{"line":17,"column":4},"end":{"line":20,"column":5}}]},"1":{"loc":{"start":{"line":25,"column":4},"end":{"line":30,"column":5}},"type":"if","locations":[{"start":{"line":25,"column":4},"end":{"line":30,"column":5}}]},"2":{"loc":{"start":{"line":25,"column":8},"end":{"line":25,"column":54}},"type":"binary-expr","locations":[{"start":{"line":25,"column":8},"end":{"line":25,"column":44}},{"start":{"line":25,"column":48},"end":{"line":25,"column":54}}]},"3":{"loc":{"start":{"line":35,"column":4},"end":{"line":40,"column":5}},"type":"if","locations":[{"start":{"line":35,"column":4},"end":{"line":40,"column":5}}]}},"s":{"0":11,"1":63,"2":63,"3":9,"4":9,"5":54,"6":54,"7":9,"8":9,"9":45,"10":45,"11":45,"12":9,"13":9,"14":36,"15":36,"16":11},"f":{"0":63},"b":{"0":[9],"1":[9],"2":[54,45],"3":[9]}}
,"C:\\Users\\noteb\\OneDrive\\Documentos\\Dev Joanna\\GROWDEV-Bloco_3\\Academy-Auth\\src\\middlewares\\auth\\login.middleware.ts": {"path":"C:\\Users\\noteb\\OneDrive\\Documentos\\Dev Joanna\\GROWDEV-Bloco_3\\Academy-Auth\\src\\middlewares\\auth\\login.middleware.ts","statementMap":{"0":{"start":{"line":10,"column":32},"end":{"line":10,"column":40}},"1":{"start":{"line":12,"column":4},"end":{"line":15,"column":5}},"2":{"start":{"line":13,"column":6},"end":{"line":13,"column":76}},"3":{"start":{"line":14,"column":6},"end":{"line":14,"column":13}},"4":{"start":{"line":17,"column":4},"end":{"line":20,"column":5}},"5":{"start":{"line":18,"column":6},"end":{"line":18,"column":75}},"6":{"start":{"line":19,"column":6},"end":{"line":19,"column":13}},"7":{"start":{"line":22,"column":4},"end":{"line":22,"column":11}},"8":{"start":{"line":27,"column":32},"end":{"line":27,"column":40}},"9":{"start":{"line":29,"column":4},"end":{"line":34,"column":5}},"10":{"start":{"line":30,"column":6},"end":{"line":32,"column":69}},"11":{"start":{"line":33,"column":6},"end":{"line":33,"column":13}},"12":{"start":{"line":36,"column":4},"end":{"line":41,"column":5}},"13":{"start":{"line":37,"column":6},"end":{"line":39,"column":68}},"14":{"start":{"line":40,"column":6},"end":{"line":40,"column":13}},"15":{"start":{"line":43,"column":4},"end":{"line":43,"column":11}},"16":{"start":{"line":3,"column":0},"end":{"line":3,"column":13}}},"fnMap":{"0":{"name":"(anonymous_0)","decl":{"start":{"line":5,"column":9},"end":{"line":5,"column":15}},"loc":{"start":{"line":8,"column":22},"end":{"line":23,"column":3}}},"1":{"name":"(anonymous_1)","decl":{"start":{"line":26,"column":9},"end":{"line":26,"column":15}},"loc":{"start":{"line":26,"column":77},"end":{"line":44,"column":3}}}},"branchMap":{"0":{"loc":{"start":{"line":12,"column":4},"end":{"line":15,"column":5}},"type":"if","locations":[{"start":{"line":12,"column":4},"end":{"line":15,"column":5}}]},"1":{"loc":{"start":{"line":17,"column":4},"end":{"line":20,"column":5}},"type":"if","locations":[{"start":{"line":17,"column":4},"end":{"line":20,"column":5}}]},"2":{"loc":{"start":{"line":29,"column":4},"end":{"line":34,"column":5}},"type":"if","locations":[{"start":{"line":29,"column":4},"end":{"line":34,"column":5}}]},"3":{"loc":{"start":{"line":36,"column":4},"end":{"line":41,"column":5}},"type":"if","locations":[{"start":{"line":36,"column":4},"end":{"line":41,"column":5}}]}},"s":{"0":6,"1":6,"2":1,"3":1,"4":5,"5":1,"6":1,"7":4,"8":4,"9":4,"10":1,"11":1,"12":3,"13":1,"14":1,"15":2,"16":11},"f":{"0":6,"1":4},"b":{"0":[1],"1":[1],"2":[1],"3":[1]}}
,"C:\\Users\\noteb\\OneDrive\\Documentos\\Dev Joanna\\GROWDEV-Bloco_3\\Academy-Auth\\src\\middlewares\\auth\\signup.middleware.ts": {"path":"C:\\Users\\noteb\\OneDrive\\Documentos\\Dev Joanna\\GROWDEV-Bloco_3\\Academy-Auth\\src\\middlewares\\auth\\signup.middleware.ts","statementMap":{"0":{"start":{"line":10,"column":56},"end":{"line":10,"column":64}},"1":{"start":{"line":12,"column":4},"end":{"line":15,"column":5}},"2":{"start":{"line":13,"column":6},"end":{"line":13,"column":74}},"3":{"start":{"line":14,"column":6},"end":{"line":14,"column":13}},"4":{"start":{"line":17,"column":4},"end":{"line":20,"column":5}},"5":{"start":{"line":18,"column":6},"end":{"line":18,"column":76}},"6":{"start":{"line":19,"column":6},"end":{"line":19,"column":13}},"7":{"start":{"line":22,"column":4},"end":{"line":25,"column":5}},"8":{"start":{"line":23,"column":6},"end":{"line":23,"column":75}},"9":{"start":{"line":24,"column":6},"end":{"line":24,"column":13}},"10":{"start":{"line":27,"column":4},"end":{"line":30,"column":5}},"11":{"start":{"line":28,"column":6},"end":{"line":28,"column":74}},"12":{"start":{"line":29,"column":6},"end":{"line":29,"column":13}},"13":{"start":{"line":32,"column":4},"end":{"line":35,"column":5}},"14":{"start":{"line":33,"column":6},"end":{"line":33,"column":73}},"15":{"start":{"line":34,"column":6},"end":{"line":34,"column":13}},"16":{"start":{"line":37,"column":4},"end":{"line":37,"column":11}},"17":{"start":{"line":41,"column":61},"end":{"line":41,"column":69}},"18":{"start":{"line":43,"column":4},"end":{"line":46,"column":5}},"19":{"start":{"line":44,"column":6},"end":{"line":44,"column":80}},"20":{"start":{"line":45,"column":6},"end":{"line":45,"column":13}},"21":{"start":{"line":48,"column":4},"end":{"line":53,"column":5}},"22":{"start":{"line":49,"column":6},"end":{"line":51,"column":69}},"23":{"start":{"line":52,"column":6},"end":{"line":52,"column":13}},"24":{"start":{"line":55,"column":4},"end":{"line":60,"column":5}},"25":{"start":{"line":56,"column":6},"end":{"line":58,"column":68}},"26":{"start":{"line":59,"column":6},"end":{"line":59,"column":13}},"27":{"start":{"line":62,"column":4},"end":{"line":65,"column":5}},"28":{"start":{"line":63,"column":6},"end":{"line":63,"column":79}},"29":{"start":{"line":64,"column":6},"end":{"line":64,"column":13}},"30":{"start":{"line":67,"column":4},"end":{"line":70,"column":5}},"31":{"start":{"line":68,"column":6},"end":{"line":68,"column":77}},"32":{"start":{"line":69,"column":6},"end":{"line":69,"column":13}},"33":{"start":{"line":72,"column":4},"end":{"line":79,"column":5}},"34":{"start":{"line":73,"column":6},"end":{"line":78,"column":7}},"35":{"start":{"line":74,"column":8},"end":{"line":76,"column":69}},"36":{"start":{"line":77,"column":8},"end":{"line":77,"column":15}},"37":{"start":{"line":81,"column":4},"end":{"line":81,"column":11}},"38":{"start":{"line":85,"column":43},"end":{"line":85,"column":51}},"39":{"start":{"line":87,"column":4},"end":{"line":93,"column":5}},"40":{"start":{"line":88,"column":6},"end":{"line":91,"column":9}},"41":{"start":{"line":92,"column":6},"end":{"line":92,"column":13}},"42":{"start":{"line":95,"column":4},"end":{"line":98,"column":5}},"43":{"start":{"line":96,"column":6},"end":{"line":96,"column":71}},"44":{"start":{"line":97,"column":6},"end":{"line":97,"column":13}},"45":{"start":{"line":100,"column":4},"end":{"line":106,"column":5}},"46":{"start":{"line":101,"column":6},"end":{"line":104,"column":9}},"47":{"start":{"line":105,"column":6},"end":{"line":105,"column":13}},"48":{"start":{"line":108,"column":4},"end":{"line":111,"column":5}},"49":{"start":{"line":109,"column":6},"end":{"line":109,"column":68}},"50":{"start":{"line":110,"column":6},"end":{"line":110,"column":13}},"51":{"start":{"line":113,"column":4},"end":{"line":113,"column":11}},"52":{"start":{"line":4,"column":0},"end":{"line":4,"column":13}}},"fnMap":{"0":{"name":"(anonymous_0)","decl":{"start":{"line":5,"column":9},"end":{"line":5,"column":15}},"loc":{"start":{"line":8,"column":22},"end":{"line":38,"column":3}}},"1":{"name":"(anonymous_1)","decl":{"start":{"line":40,"column":9},"end":{"line":40,"column":15}},"loc":{"start":{"line":40,"column":77},"end":{"line":82,"column":3}}},"2":{"name":"(anonymous_2)","decl":{"start":{"line":84,"column":9},"end":{"line":84,"column":15}},"loc":{"start":{"line":84,"column":76},"end":{"line":114,"column":3}}}},"branchMap":{"0":{"loc":{"start":{"line":12,"column":4},"end":{"line":15,"column":5}},"type":"if","locations":[{"start":{"line":12,"column":4},"end":{"line":15,"column":5}}]},"1":{"loc":{"start":{"line":12,"column":8},"end":{"line":12,"column":34}},"type":"binary-expr","locations":[{"start":{"line":12,"column":8},"end":{"line":12,"column":13}},{"start":{"line":12,"column":17},"end":{"line":12,"column":34}}]},"2":{"loc":{"start":{"line":17,"column":4},"end":{"line":20,"column":5}},"type":"if","locations":[{"start":{"line":17,"column":4},"end":{"line":20,"column":5}}]},"3":{"loc":{"start":{"line":22,"column":4},"end":{"line":25,"column":5}},"type":"if","locations":[{"start":{"line":22,"column":4},"end":{"line":25,"column":5}}]},"4":{"loc":{"start":{"line":27,"column":4},"end":{"line":30,"column":5}},"type":"if","locations":[{"start":{"line":27,"column":4},"end":{"line":30,"column":5}}]},"5":{"loc":{"start":{"line":32,"column":4},"end":{"line":35,"column":5}},"type":"if","locations":[{"start":{"line":32,"column":4},"end":{"line":35,"column":5}}]},"6":{"loc":{"start":{"line":43,"column":4},"end":{"line":46,"column":5}},"type":"if","locations":[{"start":{"line":43,"column":4},"end":{"line":46,"column":5}}]},"7":{"loc":{"start":{"line":48,"column":4},"end":{"line":53,"column":5}},"type":"if","locations":[{"start":{"line":48,"column":4},"end":{"line":53,"column":5}}]},"8":{"loc":{"start":{"line":55,"column":4},"end":{"line":60,"column":5}},"type":"if","locations":[{"start":{"line":55,"column":4},"end":{"line":60,"column":5}}]},"9":{"loc":{"start":{"line":62,"column":4},"end":{"line":65,"column":5}},"type":"if","locations":[{"start":{"line":62,"column":4},"end":{"line":65,"column":5}}]},"10":{"loc":{"start":{"line":67,"column":4},"end":{"line":70,"column":5}},"type":"if","locations":[{"start":{"line":67,"column":4},"end":{"line":70,"column":5}}]},"11":{"loc":{"start":{"line":72,"column":4},"end":{"line":79,"column":5}},"type":"if","locations":[{"start":{"line":72,"column":4},"end":{"line":79,"column":5}}]},"12":{"loc":{"start":{"line":73,"column":6},"end":{"line":78,"column":7}},"type":"if","locations":[{"start":{"line":73,"column":6},"end":{"line":78,"column":7}}]},"13":{"loc":{"start":{"line":87,"column":4},"end":{"line":93,"column":5}},"type":"if","locations":[{"start":{"line":87,"column":4},"end":{"line":93,"column":5}}]},"14":{"loc":{"start":{"line":95,"column":4},"end":{"line":98,"column":5}},"type":"if","locations":[{"start":{"line":95,"column":4},"end":{"line":98,"column":5}}]},"15":{"loc":{"start":{"line":95,"column":8},"end":{"line":95,"column":55}},"type":"binary-expr","locations":[{"start":{"line":95,"column":8},"end":{"line":95,"column":28}},{"start":{"line":95,"column":32},"end":{"line":95,"column":55}}]},"16":{"loc":{"start":{"line":100,"column":4},"end":{"line":106,"column":5}},"type":"if","locations":[{"start":{"line":100,"column":4},"end":{"line":106,"column":5}}]},"17":{"loc":{"start":{"line":108,"column":4},"end":{"line":111,"column":5}},"type":"if","locations":[{"start":{"line":108,"column":4},"end":{"line":111,"column":5}}]}},"s":{"0":17,"1":17,"2":1,"3":1,"4":16,"5":1,"6":1,"7":15,"8":1,"9":1,"10":14,"11":1,"12":1,"13":13,"14":1,"15":1,"16":12,"17":12,"18":12,"19":1,"20":1,"21":11,"22":1,"23":1,"24":10,"25":1,"26":1,"27":9,"28":1,"29":1,"30":8,"31":1,"32":1,"33":7,"34":1,"35":1,"36":1,"37":6,"38":6,"39":6,"40":1,"41":1,"42":5,"43":1,"44":1,"45":4,"46":1,"47":1,"48":3,"49":1,"50":1,"51":2,"52":11},"f":{"0":17,"1":12,"2":6},"b":{"0":[1],"1":[17,16],"2":[1],"3":[1],"4":[1],"5":[1],"6":[1],"7":[1],"8":[1],"9":[1],"10":[1],"11":[1],"12":[1],"13":[1],"14":[1],"15":[5,5],"16":[1],"17":[1]}}
,"C:\\Users\\noteb\\OneDrive\\Documentos\\Dev Joanna\\GROWDEV-Bloco_3\\Academy-Auth\\src\\middlewares\\students\\find-all-student.middleware.ts": {"path":"C:\\Users\\noteb\\OneDrive\\Documentos\\Dev Joanna\\GROWDEV-Bloco_3\\Academy-Auth\\src\\middlewares\\students\\find-all-student.middleware.ts","statementMap":{"0":{"start":{"line":11,"column":26},"end":{"line":11,"column":35}},"1":{"start":{"line":13,"column":4},"end":{"line":16,"column":5}},"2":{"start":{"line":14,"column":6},"end":{"line":14,"column":80}},"3":{"start":{"line":15,"column":6},"end":{"line":15,"column":13}},"4":{"start":{"line":18,"column":4},"end":{"line":21,"column":5}},"5":{"start":{"line":19,"column":6},"end":{"line":19,"column":79}},"6":{"start":{"line":20,"column":6},"end":{"line":20,"column":13}},"7":{"start":{"line":23,"column":4},"end":{"line":23,"column":11}},"8":{"start":{"line":9,"column":0},"end":{"line":9,"column":13}}},"fnMap":{"0":{"name":"(anonymous_0)","decl":{"start":{"line":10,"column":2},"end":{"line":10,"column":8}},"loc":{"start":{"line":10,"column":70},"end":{"line":24,"column":3}}}},"branchMap":{"0":{"loc":{"start":{"line":13,"column":4},"end":{"line":16,"column":5}},"type":"if","locations":[{"start":{"line":13,"column":4},"end":{"line":16,"column":5}}]},"1":{"loc":{"start":{"line":13,"column":8},"end":{"line":13,"column":40}},"type":"binary-expr","locations":[{"start":{"line":13,"column":8},"end":{"line":13,"column":12}},{"start":{"line":13,"column":16},"end":{"line":13,"column":40}}]},"2":{"loc":{"start":{"line":18,"column":4},"end":{"line":21,"column":5}},"type":"if","locations":[{"start":{"line":18,"column":4},"end":{"line":21,"column":5}}]},"3":{"loc":{"start":{"line":18,"column":8},"end":{"line":18,"column":38}},"type":"binary-expr","locations":[{"start":{"line":18,"column":8},"end":{"line":18,"column":11}},{"start":{"line":18,"column":15},"end":{"line":18,"column":38}}]}},"s":{"0":2,"1":2,"2":0,"3":0,"4":2,"5":0,"6":0,"7":2,"8":11},"f":{"0":2},"b":{"0":[0],"1":[2,1],"2":[0],"3":[2,0]}}
,"C:\\Users\\noteb\\OneDrive\\Documentos\\Dev Joanna\\GROWDEV-Bloco_3\\Academy-Auth\\src\\middlewares\\students\\update-student.middleware.ts": {"path":"C:\\Users\\noteb\\OneDrive\\Documentos\\Dev Joanna\\GROWDEV-Bloco_3\\Academy-Auth\\src\\middlewares\\students\\update-student.middleware.ts","statementMap":{"0":{"start":{"line":1,"column":0},"end":{"line":1,"column":45}},"1":{"start":{"line":6,"column":52},"end":{"line":6,"column":60}},"2":{"start":{"line":8,"column":4},"end":{"line":11,"column":5}},"3":{"start":{"line":9,"column":6},"end":{"line":9,"column":80}},"4":{"start":{"line":10,"column":6},"end":{"line":10,"column":13}},"5":{"start":{"line":13,"column":4},"end":{"line":18,"column":5}},"6":{"start":{"line":14,"column":6},"end":{"line":16,"column":68}},"7":{"start":{"line":17,"column":6},"end":{"line":17,"column":13}},"8":{"start":{"line":20,"column":4},"end":{"line":23,"column":5}},"9":{"start":{"line":21,"column":6},"end":{"line":21,"column":77}},"10":{"start":{"line":22,"column":6},"end":{"line":22,"column":13}},"11":{"start":{"line":25,"column":4},"end":{"line":28,"column":5}},"12":{"start":{"line":26,"column":6},"end":{"line":26,"column":80}},"13":{"start":{"line":27,"column":6},"end":{"line":27,"column":13}},"14":{"start":{"line":30,"column":4},"end":{"line":30,"column":18}},"15":{"start":{"line":34,"column":34},"end":{"line":34,"column":42}},"16":{"start":{"line":36,"column":4},"end":{"line":42,"column":5}},"17":{"start":{"line":37,"column":6},"end":{"line":40,"column":9}},"18":{"start":{"line":41,"column":6},"end":{"line":41,"column":13}},"19":{"start":{"line":44,"column":4},"end":{"line":50,"column":5}},"20":{"start":{"line":45,"column":6},"end":{"line":48,"column":9}},"21":{"start":{"line":49,"column":6},"end":{"line":49,"column":13}},"22":{"start":{"line":52,"column":4},"end":{"line":52,"column":18}},"23":{"start":{"line":4,"column":0},"end":{"line":4,"column":13}}},"fnMap":{"0":{"name":"(anonymous_0)","decl":{"start":{"line":5,"column":9},"end":{"line":5,"column":15}},"loc":{"start":{"line":5,"column":77},"end":{"line":31,"column":3}}},"1":{"name":"(anonymous_1)","decl":{"start":{"line":33,"column":9},"end":{"line":33,"column":15}},"loc":{"start":{"line":33,"column":76},"end":{"line":53,"column":3}}}},"branchMap":{"0":{"loc":{"start":{"line":8,"column":4},"end":{"line":11,"column":5}},"type":"if","locations":[{"start":{"line":8,"column":4},"end":{"line":11,"column":5}}]},"1":{"loc":{"start":{"line":8,"column":8},"end":{"line":8,"column":40}},"type":"binary-expr","locations":[{"start":{"line":8,"column":8},"end":{"line":8,"column":12}},{"start":{"line":8,"column":16},"end":{"line":8,"column":40}}]},"2":{"loc":{"start":{"line":13,"column":4},"end":{"line":18,"column":5}},"type":"if","locations":[{"start":{"line":13,"column":4},"end":{"line":18,"column":5}}]},"3":{"loc":{"start":{"line":13,"column":8},"end":{"line":13,"column":54}},"type":"binary-expr","locations":[{"start":{"line":13,"column":8},"end":{"line":13,"column":19}},{"start":{"line":13,"column":23},"end":{"line":13,"column":54}}]},"4":{"loc":{"start":{"line":20,"column":4},"end":{"line":23,"column":5}},"type":"if","locations":[{"start":{"line":20,"column":4},"end":{"line":23,"column":5}}]},"5":{"loc":{"start":{"line":20,"column":8},"end":{"line":20,"column":72}},"type":"binary-expr","locations":[{"start":{"line":20,"column":8},"end":{"line":20,"column":19}},{"start":{"line":20,"column":23},"end":{"line":20,"column":72}}]},"6":{"loc":{"start":{"line":25,"column":4},"end":{"line":28,"column":5}},"type":"if","locations":[{"start":{"line":25,"column":4},"end":{"line":28,"column":5}}]},"7":{"loc":{"start":{"line":25,"column":8},"end":{"line":25,"column":38}},"type":"binary-expr","locations":[{"start":{"line":25,"column":8},"end":{"line":25,"column":11}},{"start":{"line":25,"column":15},"end":{"line":25,"column":38}}]},"8":{"loc":{"start":{"line":36,"column":4},"end":{"line":42,"column":5}},"type":"if","locations":[{"start":{"line":36,"column":4},"end":{"line":42,"column":5}}]},"9":{"loc":{"start":{"line":36,"column":8},"end":{"line":36,"column":31}},"type":"binary-expr","locations":[{"start":{"line":36,"column":8},"end":{"line":36,"column":12}},{"start":{"line":36,"column":16},"end":{"line":36,"column":31}}]},"10":{"loc":{"start":{"line":44,"column":4},"end":{"line":50,"column":5}},"type":"if","locations":[{"start":{"line":44,"column":4},"end":{"line":50,"column":5}}]},"11":{"loc":{"start":{"line":44,"column":8},"end":{"line":44,"column":45}},"type":"binary-expr","locations":[{"start":{"line":44,"column":8},"end":{"line":44,"column":19}},{"start":{"line":44,"column":23},"end":{"line":44,"column":45}}]}},"s":{"0":11,"1":7,"2":7,"3":1,"4":1,"5":6,"6":1,"7":1,"8":5,"9":1,"10":1,"11":4,"12":1,"13":1,"14":3,"15":3,"16":3,"17":1,"18":1,"19":2,"20":1,"21":1,"22":1,"23":11},"f":{"0":7,"1":3},"b":{"0":[1],"1":[7,3],"2":[1],"3":[6,2],"4":[1],"5":[5,1],"6":[1],"7":[4,1],"8":[1],"9":[3,2],"10":[1],"11":[2,1]}}
,"C:\\Users\\noteb\\OneDrive\\Documentos\\Dev Joanna\\GROWDEV-Bloco_3\\Academy-Auth\\src\\routes\\assessment.routes.ts": {"path":"C:\\Users\\noteb\\OneDrive\\Documentos\\Dev Joanna\\GROWDEV-Bloco_3\\Academy-Auth\\src\\routes\\assessment.routes.ts","statementMap":{"0":{"start":{"line":1,"column":0},"end":{"line":1,"column":33}},"1":{"start":{"line":2,"column":0},"end":{"line":2,"column":76}},"2":{"start":{"line":3,"column":0},"end":{"line":3,"column":101}},"3":{"start":{"line":4,"column":0},"end":{"line":4,"column":69}},"4":{"start":{"line":5,"column":0},"end":{"line":5,"column":81}},"5":{"start":{"line":6,"column":0},"end":{"line":6,"column":102}},"6":{"start":{"line":7,"column":0},"end":{"line":7,"column":64}},"7":{"start":{"line":8,"column":0},"end":{"line":8,"column":45}},"8":{"start":{"line":12,"column":19},"end":{"line":12,"column":27}},"9":{"start":{"line":15,"column":4},"end":{"line":25,"column":6}},"10":{"start":{"line":27,"column":4},"end":{"line":31,"column":6}},"11":{"start":{"line":33,"column":4},"end":{"line":37,"column":6}},"12":{"start":{"line":39,"column":4},"end":{"line":49,"column":6}},"13":{"start":{"line":51,"column":4},"end":{"line":59,"column":6}},"14":{"start":{"line":61,"column":4},"end":{"line":61,"column":18}},"15":{"start":{"line":10,"column":0},"end":{"line":10,"column":13}}},"fnMap":{"0":{"name":"(anonymous_0)","decl":{"start":{"line":11,"column":9},"end":{"line":11,"column":15}},"loc":{"start":{"line":11,"column":23},"end":{"line":62,"column":3}}}},"branchMap":{},"s":{"0":11,"1":11,"2":11,"3":11,"4":11,"5":11,"6":11,"7":11,"8":11,"9":11,"10":11,"11":11,"12":11,"13":11,"14":11,"15":11},"f":{"0":11},"b":{}}
,"C:\\Users\\noteb\\OneDrive\\Documentos\\Dev Joanna\\GROWDEV-Bloco_3\\Academy-Auth\\src\\routes\\auth.routes.ts": {"path":"C:\\Users\\noteb\\OneDrive\\Documentos\\Dev Joanna\\GROWDEV-Bloco_3\\Academy-Auth\\src\\routes\\auth.routes.ts","statementMap":{"0":{"start":{"line":1,"column":0},"end":{"line":1,"column":33}},"1":{"start":{"line":2,"column":0},"end":{"line":2,"column":71}},"2":{"start":{"line":3,"column":0},"end":{"line":3,"column":64}},"3":{"start":{"line":4,"column":0},"end":{"line":4,"column":73}},"4":{"start":{"line":8,"column":19},"end":{"line":8,"column":27}},"5":{"start":{"line":10,"column":4},"end":{"line":14,"column":6}},"6":{"start":{"line":17,"column":4},"end":{"line":25,"column":6}},"7":{"start":{"line":27,"column":4},"end":{"line":27,"column":18}},"8":{"start":{"line":6,"column":0},"end":{"line":6,"column":13}}},"fnMap":{"0":{"name":"(anonymous_0)","decl":{"start":{"line":7,"column":9},"end":{"line":7,"column":15}},"loc":{"start":{"line":7,"column":23},"end":{"line":28,"column":3}}}},"branchMap":{},"s":{"0":11,"1":11,"2":11,"3":11,"4":11,"5":11,"6":11,"7":11,"8":11},"f":{"0":11},"b":{}}
,"C:\\Users\\noteb\\OneDrive\\Documentos\\Dev Joanna\\GROWDEV-Bloco_3\\Academy-Auth\\src\\routes\\index.ts": {"path":"C:\\Users\\noteb\\OneDrive\\Documentos\\Dev Joanna\\GROWDEV-Bloco_3\\Academy-Auth\\src\\routes\\index.ts","statementMap":{"0":{"start":{"line":2,"column":0},"end":{"line":2,"column":43}},"1":{"start":{"line":3,"column":0},"end":{"line":3,"column":49}},"2":{"start":{"line":4,"column":0},"end":{"line":4,"column":55}},"3":{"start":{"line":6,"column":0},"end":{"line":6,"column":43}},"4":{"start":{"line":7,"column":0},"end":{"line":7,"column":46}},"5":{"start":{"line":9,"column":26},"end":{"line":23,"column":1}},"6":{"start":{"line":10,"column":2},"end":{"line":15,"column":5}},"7":{"start":{"line":11,"column":4},"end":{"line":14,"column":7}},"8":{"start":{"line":17,"column":2},"end":{"line":17,"column":36}},"9":{"start":{"line":18,"column":2},"end":{"line":18,"column":48}},"10":{"start":{"line":20,"column":2},"end":{"line":20,"column":32}},"11":{"start":{"line":21,"column":2},"end":{"line":21,"column":35}},"12":{"start":{"line":22,"column":2},"end":{"line":22,"column":38}},"13":{"start":{"line":9,"column":13},"end":{"line":9,"column":26}}},"fnMap":{"0":{"name":"(anonymous_1)","decl":{"start":{"line":9,"column":26},"end":{"line":9,"column":27}},"loc":{"start":{"line":9,"column":43},"end":{"line":23,"column":1}}},"1":{"name":"(anonymous_2)","decl":{"start":{"line":10,"column":15},"end":{"line":10,"column":16}},"loc":{"start":{"line":10,"column":28},"end":{"line":15,"column":3}}}},"branchMap":{},"s":{"0":11,"1":11,"2":11,"3":11,"4":11,"5":11,"6":11,"7":0,"8":11,"9":11,"10":11,"11":11,"12":11,"13":11},"f":{"0":11,"1":0},"b":{}}
,"C:\\Users\\noteb\\OneDrive\\Documentos\\Dev Joanna\\GROWDEV-Bloco_3\\Academy-Auth\\src\\routes\\student.routes.ts": {"path":"C:\\Users\\noteb\\OneDrive\\Documentos\\Dev Joanna\\GROWDEV-Bloco_3\\Academy-Auth\\src\\routes\\student.routes.ts","statementMap":{"0":{"start":{"line":1,"column":0},"end":{"line":1,"column":33}},"1":{"start":{"line":2,"column":0},"end":{"line":2,"column":70}},"2":{"start":{"line":3,"column":0},"end":{"line":3,"column":95}},"3":{"start":{"line":4,"column":0},"end":{"line":4,"column":81}},"4":{"start":{"line":5,"column":0},"end":{"line":5,"column":92}},"5":{"start":{"line":6,"column":0},"end":{"line":6,"column":69}},"6":{"start":{"line":10,"column":19},"end":{"line":10,"column":27}},"7":{"start":{"line":12,"column":4},"end":{"line":16,"column":6}},"8":{"start":{"line":19,"column":4},"end":{"line":24,"column":6}},"9":{"start":{"line":27,"column":4},"end":{"line":36,"column":6}},"10":{"start":{"line":39,"column":4},"end":{"line":44,"column":6}},"11":{"start":{"line":46,"column":4},"end":{"line":46,"column":18}},"12":{"start":{"line":8,"column":0},"end":{"line":8,"column":13}}},"fnMap":{"0":{"name":"(anonymous_0)","decl":{"start":{"line":9,"column":9},"end":{"line":9,"column":15}},"loc":{"start":{"line":9,"column":23},"end":{"line":47,"column":3}}}},"branchMap":{},"s":{"0":11,"1":11,"2":11,"3":11,"4":11,"5":11,"6":11,"7":11,"8":11,"9":11,"10":11,"11":11,"12":11},"f":{"0":11},"b":{}}
,"C:\\Users\\noteb\\OneDrive\\Documentos\\Dev Joanna\\GROWDEV-Bloco_3\\Academy-Auth\\src\\services\\assessments.service.ts": {"path":"C:\\Users\\noteb\\OneDrive\\Documentos\\Dev Joanna\\GROWDEV-Bloco_3\\Academy-Auth\\src\\services\\assessments.service.ts","statementMap":{"0":{"start":{"line":2,"column":0},"end":{"line":2,"column":53}},"1":{"start":{"line":15,"column":6},"end":{"line":15,"column":22}},"2":{"start":{"line":17,"column":4},"end":{"line":70,"column":5}},"3":{"start":{"line":19,"column":22},"end":{"line":21,"column":8}},"4":{"start":{"line":23,"column":6},"end":{"line":29,"column":7}},"5":{"start":{"line":24,"column":8},"end":{"line":28,"column":10}},"6":{"start":{"line":31,"column":6},"end":{"line":37,"column":7}},"7":{"start":{"line":32,"column":8},"end":{"line":36,"column":10}},"8":{"start":{"line":39,"column":32},"end":{"line":48,"column":8}},"9":{"start":{"line":50,"column":6},"end":{"line":63,"column":8}},"10":{"start":{"line":65,"column":6},"end":{"line":69,"column":8}},"11":{"start":{"line":78,"column":45},"end":{"line":78,"column":47}},"12":{"start":{"line":79,"column":4},"end":{"line":81,"column":5}},"13":{"start":{"line":80,"column":6},"end":{"line":80,"column":32}},"14":{"start":{"line":83,"column":4},"end":{"line":110,"column":5}},"15":{"start":{"line":84,"column":29},"end":{"line":88,"column":8}},"16":{"start":{"line":90,"column":6},"end":{"line":96,"column":7}},"17":{"start":{"line":91,"column":8},"end":{"line":95,"column":10}},"18":{"start":{"line":98,"column":6},"end":{"line":103,"column":8}},"19":{"start":{"line":102,"column":42},"end":{"line":102,"column":60}},"20":{"start":{"line":105,"column":6},"end":{"line":109,"column":8}},"21":{"start":{"line":118,"column":4},"end":{"line":150,"column":5}},"22":{"start":{"line":119,"column":25},"end":{"line":121,"column":8}},"23":{"start":{"line":123,"column":6},"end":{"line":129,"column":7}},"24":{"start":{"line":124,"column":8},"end":{"line":128,"column":10}},"25":{"start":{"line":130,"column":6},"end":{"line":136,"column":7}},"26":{"start":{"line":131,"column":8},"end":{"line":135,"column":10}},"27":{"start":{"line":138,"column":6},"end":{"line":143,"column":8}},"28":{"start":{"line":145,"column":6},"end":{"line":149,"column":8}},"29":{"start":{"line":158,"column":31},"end":{"line":158,"column":66}},"30":{"start":{"line":160,"column":4},"end":{"line":166,"column":5}},"31":{"start":{"line":161,"column":6},"end":{"line":165,"column":8}},"32":{"start":{"line":167,"column":4},"end":{"line":196,"column":5}},"33":{"start":{"line":168,"column":25},"end":{"line":170,"column":8}},"34":{"start":{"line":172,"column":6},"end":{"line":178,"column":7}},"35":{"start":{"line":173,"column":8},"end":{"line":177,"column":10}},"36":{"start":{"line":179,"column":32},"end":{"line":182,"column":8}},"37":{"start":{"line":184,"column":6},"end":{"line":189,"column":8}},"38":{"start":{"line":191,"column":6},"end":{"line":195,"column":8}},"39":{"start":{"line":200,"column":4},"end":{"line":228,"column":5}},"40":{"start":{"line":201,"column":25},"end":{"line":203,"column":8}},"41":{"start":{"line":205,"column":6},"end":{"line":211,"column":7}},"42":{"start":{"line":206,"column":8},"end":{"line":210,"column":10}},"43":{"start":{"line":213,"column":6},"end":{"line":215,"column":9}},"44":{"start":{"line":216,"column":6},"end":{"line":221,"column":8}},"45":{"start":{"line":223,"column":6},"end":{"line":227,"column":8}},"46":{"start":{"line":232,"column":4},"end":{"line":241,"column":6}},"47":{"start":{"line":10,"column":0},"end":{"line":10,"column":13}},"48":{"start":{"line":247,"column":29},"end":{"line":247,"column":31}},"49":{"start":{"line":248,"column":2},"end":{"line":252,"column":3}},"50":{"start":{"line":249,"column":4},"end":{"line":251,"column":5}},"51":{"start":{"line":250,"column":6},"end":{"line":250,"column":37}},"52":{"start":{"line":253,"column":2},"end":{"line":253,"column":16}}},"fnMap":{"0":{"name":"(anonymous_0)","decl":{"start":{"line":11,"column":9},"end":{"line":11,"column":14}},"loc":{"start":{"line":12,"column":41},"end":{"line":71,"column":3}}},"1":{"name":"(anonymous_1)","decl":{"start":{"line":73,"column":9},"end":{"line":73,"column":14}},"loc":{"start":{"line":76,"column":44},"end":{"line":111,"column":3}}},"2":{"name":"(anonymous_2)","decl":{"start":{"line":102,"column":33},"end":{"line":102,"column":34}},"loc":{"start":{"line":102,"column":42},"end":{"line":102,"column":60}}},"3":{"name":"(anonymous_3)","decl":{"start":{"line":113,"column":9},"end":{"line":113,"column":14}},"loc":{"start":{"line":116,"column":28},"end":{"line":151,"column":3}}},"4":{"name":"(anonymous_4)","decl":{"start":{"line":153,"column":9},"end":{"line":153,"column":14}},"loc":{"start":{"line":155,"column":41},"end":{"line":197,"column":3}}},"5":{"name":"(anonymous_5)","decl":{"start":{"line":199,"column":9},"end":{"line":199,"column":14}},"loc":{"start":{"line":199,"column":32},"end":{"line":229,"column":3}}},"6":{"name":"(anonymous_6)","decl":{"start":{"line":231,"column":10},"end":{"line":231,"column":18}},"loc":{"start":{"line":231,"column":41},"end":{"line":242,"column":3}}},"7":{"name":"removeEmptyFields","decl":{"start":{"line":246,"column":9},"end":{"line":246,"column":26}},"loc":{"start":{"line":246,"column":52},"end":{"line":254,"column":1}}}},"branchMap":{"0":{"loc":{"start":{"line":23,"column":6},"end":{"line":29,"column":7}},"type":"if","locations":[{"start":{"line":23,"column":6},"end":{"line":29,"column":7}}]},"1":{"loc":{"start":{"line":31,"column":6},"end":{"line":37,"column":7}},"type":"if","locations":[{"start":{"line":31,"column":6},"end":{"line":37,"column":7}}]},"2":{"loc":{"start":{"line":31,"column":10},"end":{"line":31,"column":57}},"type":"binary-expr","locations":[{"start":{"line":31,"column":10},"end":{"line":31,"column":29}},{"start":{"line":31,"column":33},"end":{"line":31,"column":57}}]},"3":{"loc":{"start":{"line":45,"column":21},"end":{"line":45,"column":65}},"type":"cond-expr","locations":[{"start":{"line":45,"column":43},"end":{"line":45,"column":52}},{"start":{"line":45,"column":55},"end":{"line":45,"column":65}}]},"4":{"loc":{"start":{"line":79,"column":4},"end":{"line":81,"column":5}},"type":"if","locations":[{"start":{"line":79,"column":4},"end":{"line":81,"column":5}}]},"5":{"loc":{"start":{"line":90,"column":6},"end":{"line":96,"column":7}},"type":"if","locations":[{"start":{"line":90,"column":6},"end":{"line":96,"column":7}}]},"6":{"loc":{"start":{"line":90,"column":10},"end":{"line":90,"column":54}},"type":"binary-expr","locations":[{"start":{"line":90,"column":10},"end":{"line":90,"column":25}},{"start":{"line":90,"column":29},"end":{"line":90,"column":54}}]},"7":{"loc":{"start":{"line":123,"column":6},"end":{"line":129,"column":7}},"type":"if","locations":[{"start":{"line":123,"column":6},"end":{"line":129,"column":7}}]},"8":{"loc":{"start":{"line":130,"column":6},"end":{"line":136,"column":7}},"type":"if","locations":[{"start":{"line":130,"column":6},"end":{"line":136,"column":7}}]},"9":{"loc":{"start":{"line":130,"column":10},"end":{"line":130,"column":67}},"type":"binary-expr","locations":[{"start":{"line":130,"column":10},"end":{"line":130,"column":29}},{"start":{"line":130,"column":33},"end":{"line":130,"column":67}}]},"10":{"loc":{"start":{"line":160,"column":4},"end":{"line":166,"column":5}},"type":"if","locations":[{"start":{"line":160,"column":4},"end":{"line":166,"column":5}}]},"11":{"loc":{"start":{"line":172,"column":6},"end":{"line":178,"column":7}},"type":"if","locations":[{"start":{"line":172,"column":6},"end":{"line":178,"column":7}}]},"12":{"loc":{"start":{"line":205,"column":6},"end":{"line":211,"column":7}},"type":"if","locations":[{"start":{"line":205,"column":6},"end":{"line":211,"column":7}}]},"13":{"loc":{"start":{"line":249,"column":4},"end":{"line":251,"column":5}},"type":"if","locations":[{"start":{"line":249,"column":4},"end":{"line":251,"column":5}}]},"14":{"loc":{"start":{"line":249,"column":8},"end":{"line":249,"column":61}},"type":"binary-expr","locations":[{"start":{"line":249,"column":8},"end":{"line":249,"column":22}},{"start":{"line":249,"column":26},"end":{"line":249,"column":45}},{"start":{"line":249,"column":49},"end":{"line":249,"column":61}}]}},"s":{"0":16,"1":4,"2":4,"3":4,"4":4,"5":1,"6":3,"7":1,"8":2,"9":1,"10":1,"11":4,"12":4,"13":2,"14":4,"15":4,"16":3,"17":1,"18":2,"19":8,"20":1,"21":4,"22":4,"23":3,"24":1,"25":2,"26":1,"27":1,"28":1,"29":4,"30":4,"31":1,"32":3,"33":3,"34":3,"35":1,"36":2,"37":1,"38":1,"39":3,"40":3,"41":3,"42":1,"43":2,"44":1,"45":1,"46":10,"47":16,"48":4,"49":4,"50":7,"51":4,"52":4},"f":{"0":4,"1":4,"2":8,"3":4,"4":4,"5":3,"6":10,"7":4},"b":{"0":[1],"1":[1],"2":[3,1],"3":[2,0],"4":[2],"5":[1],"6":[3,3],"7":[1],"8":[1],"9":[2,1],"10":[1],"11":[1],"12":[1],"13":[4],"14":[7,7,4]}}
,"C:\\Users\\noteb\\OneDrive\\Documentos\\Dev Joanna\\GROWDEV-Bloco_3\\Academy-Auth\\src\\services\\auth.service.ts": {"path":"C:\\Users\\noteb\\OneDrive\\Documentos\\Dev Joanna\\GROWDEV-Bloco_3\\Academy-Auth\\src\\services\\auth.service.ts","statementMap":{"0":{"start":{"line":1,"column":0},"end":{"line":1,"column":53}},"1":{"start":{"line":4,"column":0},"end":{"line":4,"column":41}},"2":{"start":{"line":5,"column":0},"end":{"line":5,"column":35}},"3":{"start":{"line":10,"column":32},"end":{"line":10,"column":36}},"4":{"start":{"line":12,"column":4},"end":{"line":67,"column":5}},"5":{"start":{"line":14,"column":22},"end":{"line":16,"column":8}},"6":{"start":{"line":18,"column":6},"end":{"line":24,"column":7}},"7":{"start":{"line":19,"column":8},"end":{"line":23,"column":10}},"8":{"start":{"line":27,"column":19},"end":{"line":27,"column":35}},"9":{"start":{"line":28,"column":21},"end":{"line":28,"column":33}},"10":{"start":{"line":29,"column":30},"end":{"line":29,"column":65}},"11":{"start":{"line":31,"column":6},"end":{"line":37,"column":7}},"12":{"start":{"line":32,"column":8},"end":{"line":36,"column":10}},"13":{"start":{"line":40,"column":18},"end":{"line":40,"column":27}},"14":{"start":{"line":42,"column":35},"end":{"line":47,"column":8}},"15":{"start":{"line":49,"column":20},"end":{"line":49,"column":46}},"16":{"start":{"line":52,"column":6},"end":{"line":60,"column":8}},"17":{"start":{"line":62,"column":6},"end":{"line":66,"column":8}},"18":{"start":{"line":71,"column":61},"end":{"line":71,"column":65}},"19":{"start":{"line":74,"column":20},"end":{"line":78,"column":6}},"20":{"start":{"line":81,"column":4},"end":{"line":97,"column":5}},"21":{"start":{"line":82,"column":6},"end":{"line":88,"column":7}},"22":{"start":{"line":83,"column":8},"end":{"line":87,"column":10}},"23":{"start":{"line":90,"column":6},"end":{"line":96,"column":7}},"24":{"start":{"line":91,"column":8},"end":{"line":95,"column":10}},"25":{"start":{"line":99,"column":4},"end":{"line":134,"column":5}},"26":{"start":{"line":101,"column":21},"end":{"line":101,"column":33}},"27":{"start":{"line":102,"column":27},"end":{"line":102,"column":62}},"28":{"start":{"line":105,"column":29},"end":{"line":114,"column":8}},"29":{"start":{"line":116,"column":6},"end":{"line":127,"column":8}},"30":{"start":{"line":129,"column":6},"end":{"line":133,"column":8}},"31":{"start":{"line":8,"column":0},"end":{"line":8,"column":13}}},"fnMap":{"0":{"name":"(anonymous_0)","decl":{"start":{"line":9,"column":9},"end":{"line":9,"column":14}},"loc":{"start":{"line":9,"column":35},"end":{"line":68,"column":3}}},"1":{"name":"(anonymous_1)","decl":{"start":{"line":70,"column":9},"end":{"line":70,"column":14}},"loc":{"start":{"line":70,"column":37},"end":{"line":135,"column":3}}}},"branchMap":{"0":{"loc":{"start":{"line":18,"column":6},"end":{"line":24,"column":7}},"type":"if","locations":[{"start":{"line":18,"column":6},"end":{"line":24,"column":7}}]},"1":{"loc":{"start":{"line":31,"column":6},"end":{"line":37,"column":7}},"type":"if","locations":[{"start":{"line":31,"column":6},"end":{"line":37,"column":7}}]},"2":{"loc":{"start":{"line":81,"column":4},"end":{"line":97,"column":5}},"type":"if","locations":[{"start":{"line":81,"column":4},"end":{"line":97,"column":5}}]},"3":{"loc":{"start":{"line":82,"column":6},"end":{"line":88,"column":7}},"type":"if","locations":[{"start":{"line":82,"column":6},"end":{"line":88,"column":7}}]},"4":{"loc":{"start":{"line":90,"column":6},"end":{"line":96,"column":7}},"type":"if","locations":[{"start":{"line":90,"column":6},"end":{"line":96,"column":7}}]}},"s":{"0":13,"1":13,"2":13,"3":5,"4":5,"5":5,"6":3,"7":1,"8":2,"9":2,"10":2,"11":2,"12":1,"13":1,"14":1,"15":1,"16":1,"17":2,"18":6,"19":6,"20":6,"21":2,"22":1,"23":1,"24":1,"25":4,"26":4,"27":4,"28":3,"29":1,"30":3,"31":13},"f":{"0":5,"1":6},"b":{"0":[1],"1":[1],"2":[2],"3":[1],"4":[1]}}
,"C:\\Users\\noteb\\OneDrive\\Documentos\\Dev Joanna\\GROWDEV-Bloco_3\\Academy-Auth\\src\\services\\index.ts": {"path":"C:\\Users\\noteb\\OneDrive\\Documentos\\Dev Joanna\\GROWDEV-Bloco_3\\Academy-Auth\\src\\services\\index.ts","statementMap":{"0":{"start":{"line":1,"column":0},"end":{"line":1,"column":31}},"1":{"start":{"line":2,"column":0},"end":{"line":2,"column":34}}},"fnMap":{},"branchMap":{},"s":{"0":11,"1":11},"f":{},"b":{}}
,"C:\\Users\\noteb\\OneDrive\\Documentos\\Dev Joanna\\GROWDEV-Bloco_3\\Academy-Auth\\src\\services\\student.service.ts": {"path":"C:\\Users\\noteb\\OneDrive\\Documentos\\Dev Joanna\\GROWDEV-Bloco_3\\Academy-Auth\\src\\services\\student.service.ts","statementMap":{"0":{"start":{"line":6,"column":0},"end":{"line":6,"column":53}},"1":{"start":{"line":9,"column":0},"end":{"line":9,"column":41}},"2":{"start":{"line":13,"column":4},"end":{"line":48,"column":5}},"3":{"start":{"line":14,"column":46},"end":{"line":14,"column":48}},"4":{"start":{"line":16,"column":6},"end":{"line":18,"column":7}},"5":{"start":{"line":17,"column":8},"end":{"line":17,"column":68}},"6":{"start":{"line":20,"column":6},"end":{"line":22,"column":7}},"7":{"start":{"line":21,"column":8},"end":{"line":21,"column":44}},"8":{"start":{"line":24,"column":23},"end":{"line":26,"column":8}},"9":{"start":{"line":28,"column":6},"end":{"line":34,"column":7}},"10":{"start":{"line":29,"column":8},"end":{"line":33,"column":10}},"11":{"start":{"line":36,"column":6},"end":{"line":41,"column":8}},"12":{"start":{"line":40,"column":40},"end":{"line":40,"column":62}},"13":{"start":{"line":43,"column":6},"end":{"line":47,"column":8}},"14":{"start":{"line":56,"column":4},"end":{"line":63,"column":5}},"15":{"start":{"line":57,"column":6},"end":{"line":62,"column":8}},"16":{"start":{"line":65,"column":4},"end":{"line":96,"column":5}},"17":{"start":{"line":67,"column":22},"end":{"line":72,"column":8}},"18":{"start":{"line":75,"column":6},"end":{"line":81,"column":7}},"19":{"start":{"line":76,"column":8},"end":{"line":80,"column":10}},"20":{"start":{"line":84,"column":6},"end":{"line":89,"column":8}},"21":{"start":{"line":91,"column":6},"end":{"line":95,"column":8}},"22":{"start":{"line":104,"column":52},"end":{"line":104,"column":65}},"23":{"start":{"line":107,"column":28},"end":{"line":107,"column":60}},"24":{"start":{"line":109,"column":4},"end":{"line":115,"column":5}},"25":{"start":{"line":110,"column":6},"end":{"line":114,"column":8}},"26":{"start":{"line":117,"column":4},"end":{"line":184,"column":5}},"27":{"start":{"line":118,"column":22},"end":{"line":120,"column":8}},"28":{"start":{"line":122,"column":6},"end":{"line":128,"column":7}},"29":{"start":{"line":123,"column":8},"end":{"line":127,"column":10}},"30":{"start":{"line":131,"column":6},"end":{"line":160,"column":7}},"31":{"start":{"line":132,"column":23},"end":{"line":132,"column":35}},"32":{"start":{"line":133,"column":30},"end":{"line":135,"column":null}},"33":{"start":{"line":138,"column":8},"end":{"line":144,"column":9}},"34":{"start":{"line":139,"column":10},"end":{"line":143,"column":12}},"35":{"start":{"line":146,"column":32},"end":{"line":148,"column":null}},"36":{"start":{"line":151,"column":8},"end":{"line":157,"column":9}},"37":{"start":{"line":152,"column":10},"end":{"line":156,"column":12}},"38":{"start":{"line":159,"column":8},"end":{"line":159,"column":61}},"39":{"start":{"line":163,"column":29},"end":{"line":169,"column":8}},"40":{"start":{"line":172,"column":6},"end":{"line":177,"column":8}},"41":{"start":{"line":179,"column":6},"end":{"line":183,"column":8}},"42":{"start":{"line":188,"column":4},"end":{"line":219,"column":5}},"43":{"start":{"line":190,"column":22},"end":{"line":190,"column":72}},"44":{"start":{"line":192,"column":6},"end":{"line":198,"column":7}},"45":{"start":{"line":193,"column":8},"end":{"line":197,"column":10}},"46":{"start":{"line":201,"column":6},"end":{"line":203,"column":9}},"47":{"start":{"line":207,"column":6},"end":{"line":212,"column":8}},"48":{"start":{"line":214,"column":6},"end":{"line":218,"column":8}},"49":{"start":{"line":225,"column":4},"end":{"line":242,"column":6}},"50":{"start":{"line":233,"column":61},"end":{"line":241,"column":8}},"51":{"start":{"line":11,"column":0},"end":{"line":11,"column":13}},"52":{"start":{"line":248,"column":29},"end":{"line":248,"column":31}},"53":{"start":{"line":249,"column":2},"end":{"line":253,"column":3}},"54":{"start":{"line":250,"column":4},"end":{"line":252,"column":5}},"55":{"start":{"line":251,"column":6},"end":{"line":251,"column":37}},"56":{"start":{"line":254,"column":2},"end":{"line":254,"column":16}}},"fnMap":{"0":{"name":"(anonymous_0)","decl":{"start":{"line":12,"column":9},"end":{"line":12,"column":14}},"loc":{"start":{"line":12,"column":45},"end":{"line":49,"column":3}}},"1":{"name":"(anonymous_1)","decl":{"start":{"line":40,"column":27},"end":{"line":40,"column":28}},"loc":{"start":{"line":40,"column":40},"end":{"line":40,"column":62}}},"2":{"name":"(anonymous_2)","decl":{"start":{"line":51,"column":9},"end":{"line":51,"column":14}},"loc":{"start":{"line":54,"column":23},"end":{"line":97,"column":3}}},"3":{"name":"(anonymous_3)","decl":{"start":{"line":99,"column":9},"end":{"line":99,"column":14}},"loc":{"start":{"line":101,"column":35},"end":{"line":185,"column":3}}},"4":{"name":"(anonymous_4)","decl":{"start":{"line":187,"column":9},"end":{"line":187,"column":14}},"loc":{"start":{"line":187,"column":32},"end":{"line":220,"column":3}}},"5":{"name":"(anonymous_5)","decl":{"start":{"line":222,"column":10},"end":{"line":222,"column":18}},"loc":{"start":{"line":223,"column":65},"end":{"line":243,"column":3}}},"6":{"name":"(anonymous_6)","decl":{"start":{"line":233,"column":44},"end":{"line":233,"column":45}},"loc":{"start":{"line":233,"column":61},"end":{"line":241,"column":8}}},"7":{"name":"removeEmptyFields","decl":{"start":{"line":247,"column":9},"end":{"line":247,"column":26}},"loc":{"start":{"line":247,"column":52},"end":{"line":255,"column":1}}}},"branchMap":{"0":{"loc":{"start":{"line":16,"column":6},"end":{"line":18,"column":7}},"type":"if","locations":[{"start":{"line":16,"column":6},"end":{"line":18,"column":7}}]},"1":{"loc":{"start":{"line":20,"column":6},"end":{"line":22,"column":7}},"type":"if","locations":[{"start":{"line":20,"column":6},"end":{"line":22,"column":7}}]},"2":{"loc":{"start":{"line":28,"column":6},"end":{"line":34,"column":7}},"type":"if","locations":[{"start":{"line":28,"column":6},"end":{"line":34,"column":7}}]},"3":{"loc":{"start":{"line":28,"column":10},"end":{"line":28,"column":42}},"type":"binary-expr","locations":[{"start":{"line":28,"column":10},"end":{"line":28,"column":19}},{"start":{"line":28,"column":23},"end":{"line":28,"column":42}}]},"4":{"loc":{"start":{"line":56,"column":4},"end":{"line":63,"column":5}},"type":"if","locations":[{"start":{"line":56,"column":4},"end":{"line":63,"column":5}}]},"5":{"loc":{"start":{"line":56,"column":8},"end":{"line":56,"column":47}},"type":"binary-expr","locations":[{"start":{"line":56,"column":8},"end":{"line":56,"column":27}},{"start":{"line":56,"column":31},"end":{"line":56,"column":47}}]},"6":{"loc":{"start":{"line":75,"column":6},"end":{"line":81,"column":7}},"type":"if","locations":[{"start":{"line":75,"column":6},"end":{"line":81,"column":7}}]},"7":{"loc":{"start":{"line":109,"column":4},"end":{"line":115,"column":5}},"type":"if","locations":[{"start":{"line":109,"column":4},"end":{"line":115,"column":5}}]},"8":{"loc":{"start":{"line":122,"column":6},"end":{"line":128,"column":7}},"type":"if","locations":[{"start":{"line":122,"column":6},"end":{"line":128,"column":7}}]},"9":{"loc":{"start":{"line":131,"column":6},"end":{"line":160,"column":7}},"type":"if","locations":[{"start":{"line":131,"column":6},"end":{"line":160,"column":7}}]},"10":{"loc":{"start":{"line":131,"column":10},"end":{"line":131,"column":36}},"type":"binary-expr","locations":[{"start":{"line":131,"column":10},"end":{"line":131,"column":21}},{"start":{"line":131,"column":25},"end":{"line":131,"column":36}}]},"11":{"loc":{"start":{"line":138,"column":8},"end":{"line":144,"column":9}},"type":"if","locations":[{"start":{"line":138,"column":8},"end":{"line":144,"column":9}}]},"12":{"loc":{"start":{"line":151,"column":8},"end":{"line":157,"column":9}},"type":"if","locations":[{"start":{"line":151,"column":8},"end":{"line":157,"column":9}}]},"13":{"loc":{"start":{"line":167,"column":14},"end":{"line":167,"column":54}},"type":"binary-expr","locations":[{"start":{"line":167,"column":14},"end":{"line":167,"column":25}},{"start":{"line":167,"column":29},"end":{"line":167,"column":54}}]},"14":{"loc":{"start":{"line":192,"column":6},"end":{"line":198,"column":7}},"type":"if","locations":[{"start":{"line":192,"column":6},"end":{"line":198,"column":7}}]},"15":{"loc":{"start":{"line":250,"column":4},"end":{"line":252,"column":5}},"type":"if","locations":[{"start":{"line":250,"column":4},"end":{"line":252,"column":5}}]},"16":{"loc":{"start":{"line":250,"column":8},"end":{"line":250,"column":61}},"type":"binary-expr","locations":[{"start":{"line":250,"column":8},"end":{"line":250,"column":22}},{"start":{"line":250,"column":26},"end":{"line":250,"column":45}},{"start":{"line":250,"column":49},"end":{"line":250,"column":61}}]}},"s":{"0":15,"1":15,"2":5,"3":5,"4":5,"5":3,"6":5,"7":1,"8":5,"9":4,"10":1,"11":3,"12":14,"13":1,"14":4,"15":1,"16":3,"17":3,"18":2,"19":1,"20":1,"21":1,"22":6,"23":6,"24":6,"25":1,"26":5,"27":5,"28":5,"29":1,"30":4,"31":2,"32":2,"33":2,"34":1,"35":1,"36":1,"37":1,"38":0,"39":2,"40":1,"41":1,"42":3,"43":3,"44":3,"45":1,"46":2,"47":1,"48":1,"49":17,"50":0,"51":15,"52":6,"53":6,"54":18,"55":7,"56":6},"f":{"0":5,"1":14,"2":4,"3":6,"4":3,"5":17,"6":0,"7":6},"b":{"0":[3],"1":[1],"2":[1],"3":[4,4],"4":[1],"5":[4,3],"6":[1],"7":[1],"8":[1],"9":[2],"10":[4,2],"11":[1],"12":[1],"13":[2,0],"14":[1],"15":[7],"16":[18,18,7]}}
,"C:\\Users\\noteb\\OneDrive\\Documentos\\Dev Joanna\\GROWDEV-Bloco_3\\Academy-Auth\\src\\utils\\bcrypt.ts": {"path":"C:\\Users\\noteb\\OneDrive\\Documentos\\Dev Joanna\\GROWDEV-Bloco_3\\Academy-Auth\\src\\utils\\bcrypt.ts","statementMap":{"0":{"start":{"line":1,"column":0},"end":{"line":1,"column":28}},"1":{"start":{"line":6,"column":17},"end":{"line":6,"column":77}},"2":{"start":{"line":7,"column":4},"end":{"line":7,"column":16}},"3":{"start":{"line":12,"column":20},"end":{"line":12,"column":56}},"4":{"start":{"line":13,"column":4},"end":{"line":13,"column":19}},"5":{"start":{"line":3,"column":0},"end":{"line":3,"column":13}}},"fnMap":{"0":{"name":"(anonymous_1)","decl":{"start":{"line":5,"column":9},"end":{"line":5,"column":14}},"loc":{"start":{"line":5,"column":44},"end":{"line":8,"column":3}}},"1":{"name":"(anonymous_2)","decl":{"start":{"line":11,"column":9},"end":{"line":11,"column":14}},"loc":{"start":{"line":11,"column":52},"end":{"line":14,"column":3}}}},"branchMap":{},"s":{"0":17,"1":1,"2":1,"3":0,"4":0,"5":17},"f":{"0":1,"1":0},"b":{}}
,"C:\\Users\\noteb\\OneDrive\\Documentos\\Dev Joanna\\GROWDEV-Bloco_3\\Academy-Auth\\src\\utils\\jwt.ts": {"path":"C:\\Users\\noteb\\OneDrive\\Documentos\\Dev Joanna\\GROWDEV-Bloco_3\\Academy-Auth\\src\\utils\\jwt.ts","statementMap":{"0":{"start":{"line":1,"column":0},"end":{"line":1,"column":48}},"1":{"start":{"line":13,"column":19},"end":{"line":13,"column":41}},"2":{"start":{"line":14,"column":4},"end":{"line":16,"column":5}},"3":{"start":{"line":15,"column":6},"end":{"line":15,"column":44}},"4":{"start":{"line":18,"column":33},"end":{"line":21,"column":6}},"5":{"start":{"line":23,"column":4},"end":{"line":28,"column":5}},"6":{"start":{"line":24,"column":20},"end":{"line":24,"column":51}},"7":{"start":{"line":25,"column":6},"end":{"line":25,"column":19}},"8":{"start":{"line":27,"column":6},"end":{"line":27,"column":64}},"9":{"start":{"line":33,"column":19},"end":{"line":33,"column":41}},"10":{"start":{"line":34,"column":4},"end":{"line":36,"column":5}},"11":{"start":{"line":35,"column":6},"end":{"line":35,"column":44}},"12":{"start":{"line":37,"column":4},"end":{"line":42,"column":5}},"13":{"start":{"line":38,"column":19},"end":{"line":38,"column":59}},"14":{"start":{"line":39,"column":6},"end":{"line":39,"column":18}},"15":{"start":{"line":41,"column":6},"end":{"line":41,"column":18}},"16":{"start":{"line":10,"column":0},"end":{"line":10,"column":13}}},"fnMap":{"0":{"name":"(anonymous_1)","decl":{"start":{"line":12,"column":9},"end":{"line":12,"column":22}},"loc":{"start":{"line":12,"column":40},"end":{"line":29,"column":3}}},"1":{"name":"(anonymous_2)","decl":{"start":{"line":32,"column":9},"end":{"line":32,"column":20}},"loc":{"start":{"line":32,"column":34},"end":{"line":43,"column":3}}}},"branchMap":{"0":{"loc":{"start":{"line":14,"column":4},"end":{"line":16,"column":5}},"type":"if","locations":[{"start":{"line":14,"column":4},"end":{"line":16,"column":5}}]},"1":{"loc":{"start":{"line":34,"column":4},"end":{"line":36,"column":5}},"type":"if","locations":[{"start":{"line":34,"column":4},"end":{"line":36,"column":5}}]}},"s":{"0":13,"1":36,"2":36,"3":0,"4":36,"5":36,"6":36,"7":36,"8":0,"9":45,"10":45,"11":0,"12":45,"13":45,"14":36,"15":9,"16":13},"f":{"0":36,"1":45},"b":{"0":[0],"1":[0]}}
}
