TN:
SF:src\express.server.ts
FN:5,(anonymous_1)
FNF:1
FNH:1
FNDA:11,(anonymous_1)
DA:1,11
DA:2,11
DA:3,11
DA:5,11
DA:7,11
DA:8,11
DA:9,11
DA:12,11
DA:15,11
LF:9
LH:9
BRF:0
BRH:0
end_of_record
TN:
SF:src\controllers\assessment.controller.ts
FN:6,(anonymous_0)
FN:32,(anonymous_1)
FN:57,(anonymous_2)
FN:80,(anonymous_3)
FN:102,(anonymous_4)
FNF:5
FNH:5
FNDA:1,(anonymous_0)
FNDA:2,(anonymous_1)
FNDA:1,(anonymous_2)
FNDA:1,(anonymous_3)
FNDA:1,(anonymous_4)
DA:3,11
DA:5,11
DA:7,1
DA:8,1
DA:9,1
DA:11,1
DA:19,1
DA:20,1
DA:22,1
DA:23,1
DA:25,0
DA:33,2
DA:34,2
DA:35,2
DA:37,2
DA:38,2
DA:47,2
DA:48,2
DA:50,0
DA:58,1
DA:59,1
DA:60,1
DA:62,1
DA:63,1
DA:69,1
DA:71,1
DA:73,0
DA:81,1
DA:82,1
DA:83,1
DA:85,1
DA:86,1
DA:92,1
DA:93,1
DA:95,0
DA:103,1
DA:104,1
DA:106,1
DA:107,1
DA:109,1
DA:111,1
DA:113,0
LF:42
LH:37
BRDA:42,0,0,1
BRDA:42,0,1,1
BRDA:43,1,0,1
BRDA:43,1,1,1
BRF:4
BRH:4
end_of_record
TN:
SF:src\controllers\auth.controller.ts
FN:6,(anonymous_0)
FN:26,(anonymous_1)
FNF:2
FNH:2
FNDA:2,(anonymous_0)
FNDA:2,(anonymous_1)
DA:2,11
DA:5,11
DA:7,2
DA:9,2
DA:12,2
DA:13,2
DA:16,2
DA:17,2
DA:19,0
DA:27,2
DA:28,2
DA:30,2
DA:40,2
DA:41,2
DA:45,2
DA:46,2
DA:48,0
LF:17
LH:15
BRF:0
BRH:0
end_of_record
TN:
SF:src\controllers\student.controller.ts
FN:5,(anonymous_0)
FN:28,(anonymous_1)
FN:53,(anonymous_2)
FN:80,(anonymous_3)
FNF:4
FNH:4
FNDA:2,(anonymous_0)
FNDA:1,(anonymous_1)
FNDA:1,(anonymous_2)
FNDA:1,(anonymous_3)
DA:2,11
DA:4,11
DA:6,2
DA:8,2
DA:11,2
DA:12,2
DA:18,2
DA:19,2
DA:21,0
DA:29,1
DA:31,1
DA:32,1
DA:35,1
DA:36,1
DA:43,1
DA:44,1
DA:46,0
DA:54,1
DA:56,1
DA:57,1
DA:60,1
DA:61,1
DA:70,1
DA:71,1
DA:73,0
DA:81,1
DA:83,1
DA:86,1
DA:87,1
DA:90,1
DA:91,1
DA:93,0
LF:32
LH:28
BRF:0
BRH:0
end_of_record
TN:
SF:src\middlewares\type.middleware.ts
FN:5,(anonymous_0)
FN:6,(anonymous_1)
FNF:2
FNH:2
FNDA:33,(anonymous_0)
FNDA:18,(anonymous_1)
DA:4,11
DA:6,33
DA:7,18
DA:9,18
DA:10,0
DA:13,18
DA:14,1
DA:16,1
DA:20,1
DA:23,17
LF:10
LH:9
BRDA:9,0,0,0
BRDA:13,1,0,1
BRDA:13,2,0,18
BRDA:13,2,1,18
BRF:4
BRH:3
end_of_record
TN:
SF:src\middlewares\validate-uuid.middleware.ts
FN:4,(anonymous_0)
FNF:1
FNH:1
FNDA:23,(anonymous_0)
DA:3,11
DA:5,23
DA:10,23
DA:12,23
DA:13,6
DA:17,6
DA:20,17
LF:7
LH:7
BRDA:12,0,0,6
BRF:1
BRH:1
end_of_record
TN:
SF:src\middlewares\assessments\create-assessment-middleware.ts
FN:4,(anonymous_0)
FN:24,(anonymous_1)
FN:49,(anonymous_2)
FNF:3
FNH:3
FNDA:8,(anonymous_0)
FNDA:6,(anonymous_1)
FNDA:3,(anonymous_2)
DA:3,11
DA:9,8
DA:11,8
DA:12,1
DA:13,1
DA:16,7
DA:17,1
DA:18,1
DA:21,6
DA:25,6
DA:27,6
DA:28,1
DA:31,1
DA:34,5
DA:35,1
DA:38,1
DA:41,4
DA:42,1
DA:43,1
DA:46,3
DA:50,3
DA:52,3
DA:53,1
DA:57,1
DA:60,2
DA:61,1
DA:65,1
DA:68,1
LF:28
LH:28
BRDA:11,0,0,1
BRDA:16,1,0,1
BRDA:27,2,0,1
BRDA:34,3,0,1
BRDA:34,4,0,5
BRDA:34,4,1,2
BRDA:41,5,0,1
BRDA:52,6,0,1
BRDA:60,7,0,1
BRDA:60,8,0,2
BRDA:60,8,1,1
BRF:11
BRH:11
end_of_record
TN:
SF:src\middlewares\assessments\update-assessment.middleaware.ts
FN:4,(anonymous_0)
FN:31,(anonymous_1)
FNF:2
FNH:2
FNDA:6,(anonymous_0)
FNDA:3,(anonymous_1)
DA:3,11
DA:9,6
DA:11,6
DA:12,1
DA:15,1
DA:17,5
DA:18,1
DA:21,1
DA:23,4
DA:24,1
DA:25,1
DA:28,3
DA:32,3
DA:34,3
DA:35,1
DA:39,1
DA:41,2
DA:42,1
DA:46,1
DA:48,1
LF:20
LH:20
BRDA:11,0,0,1
BRDA:11,1,0,6
BRDA:11,1,1,3
BRDA:17,2,0,1
BRDA:17,3,0,5
BRDA:17,3,1,3
BRDA:23,4,0,1
BRDA:23,5,0,4
BRDA:23,5,1,2
BRDA:34,6,0,1
BRDA:34,7,0,3
BRDA:34,7,1,2
BRDA:41,8,0,1
BRDA:41,9,0,2
BRDA:41,9,1,2
BRF:15
BRH:15
end_of_record
TN:
SF:src\middlewares\auth\auth.middleware.ts
FN:10,(anonymous_0)
FNF:1
FNH:1
FNDA:63,(anonymous_0)
DA:2,11
DA:9,11
DA:15,63
DA:17,63
DA:18,9
DA:19,9
DA:23,54
DA:25,54
DA:26,9
DA:29,9
DA:32,45
DA:33,45
DA:35,45
DA:36,9
DA:39,9
DA:43,36
DA:50,36
LF:17
LH:17
BRDA:17,0,0,9
BRDA:25,1,0,9
BRDA:25,2,0,54
BRDA:25,2,1,45
BRDA:35,3,0,9
BRF:5
BRH:5
end_of_record
TN:
SF:src\middlewares\auth\login.middleware.ts
FN:5,(anonymous_0)
FN:26,(anonymous_1)
FNF:2
FNH:2
FNDA:6,(anonymous_0)
FNDA:4,(anonymous_1)
DA:3,11
DA:10,6
DA:12,6
DA:13,1
DA:14,1
DA:17,5
DA:18,1
DA:19,1
DA:22,4
DA:27,4
DA:29,4
DA:30,1
DA:33,1
DA:36,3
DA:37,1
DA:40,1
DA:43,2
LF:17
LH:17
BRDA:12,0,0,1
BRDA:17,1,0,1
BRDA:29,2,0,1
BRDA:36,3,0,1
BRF:4
BRH:4
end_of_record
TN:
SF:src\middlewares\auth\signup.middleware.ts
FN:5,(anonymous_0)
FN:40,(anonymous_1)
FN:84,(anonymous_2)
FNF:3
FNH:3
FNDA:17,(anonymous_0)
FNDA:12,(anonymous_1)
FNDA:6,(anonymous_2)
DA:4,11
DA:10,17
DA:12,17
DA:13,1
DA:14,1
DA:17,16
DA:18,1
DA:19,1
DA:22,15
DA:23,1
DA:24,1
DA:27,14
DA:28,1
DA:29,1
DA:32,13
DA:33,1
DA:34,1
DA:37,12
DA:41,12
DA:43,12
DA:44,1
DA:45,1
DA:48,11
DA:49,1
DA:52,1
DA:55,10
DA:56,1
DA:59,1
DA:62,9
DA:63,1
DA:64,1
DA:67,8
DA:68,1
DA:69,1
DA:72,7
DA:73,1
DA:74,1
DA:77,1
DA:81,6
DA:85,6
DA:87,6
DA:88,1
DA:92,1
DA:95,5
DA:96,1
DA:97,1
DA:100,4
DA:101,1
DA:105,1
DA:108,3
DA:109,1
DA:110,1
DA:113,2
LF:53
LH:53
BRDA:12,0,0,1
BRDA:12,1,0,17
BRDA:12,1,1,16
BRDA:17,2,0,1
BRDA:22,3,0,1
BRDA:27,4,0,1
BRDA:32,5,0,1
BRDA:43,6,0,1
BRDA:48,7,0,1
BRDA:55,8,0,1
BRDA:62,9,0,1
BRDA:67,10,0,1
BRDA:72,11,0,1
BRDA:73,12,0,1
BRDA:87,13,0,1
BRDA:95,14,0,1
BRDA:95,15,0,5
BRDA:95,15,1,5
BRDA:100,16,0,1
BRDA:108,17,0,1
BRF:20
BRH:20
end_of_record
TN:
SF:src\middlewares\students\find-all-student.middleware.ts
FN:10,(anonymous_0)
FNF:1
FNH:1
FNDA:2,(anonymous_0)
DA:9,11
DA:11,2
DA:13,2
DA:14,0
DA:15,0
DA:18,2
DA:19,0
DA:20,0
DA:23,2
LF:9
LH:5
BRDA:13,0,0,0
BRDA:13,1,0,2
BRDA:13,1,1,1
BRDA:18,2,0,0
BRDA:18,3,0,2
BRDA:18,3,1,0
BRF:6
BRH:3
end_of_record
TN:
SF:src\middlewares\students\update-student.middleware.ts
FN:5,(anonymous_0)
FN:33,(anonymous_1)
FNF:2
FNH:2
FNDA:7,(anonymous_0)
FNDA:3,(anonymous_1)
DA:1,11
DA:4,11
DA:6,7
DA:8,7
DA:9,1
DA:10,1
DA:13,6
DA:14,1
DA:17,1
DA:20,5
DA:21,1
DA:22,1
DA:25,4
DA:26,1
DA:27,1
DA:30,3
DA:34,3
DA:36,3
DA:37,1
DA:41,1
DA:44,2
DA:45,1
DA:49,1
DA:52,1
LF:24
LH:24
BRDA:8,0,0,1
BRDA:8,1,0,7
BRDA:8,1,1,3
BRDA:13,2,0,1
BRDA:13,3,0,6
BRDA:13,3,1,2
BRDA:20,4,0,1
BRDA:20,5,0,5
BRDA:20,5,1,1
BRDA:25,6,0,1
BRDA:25,7,0,4
BRDA:25,7,1,1
BRDA:36,8,0,1
BRDA:36,9,0,3
BRDA:36,9,1,2
BRDA:44,10,0,1
BRDA:44,11,0,2
BRDA:44,11,1,1
BRF:18
BRH:18
end_of_record
TN:
SF:src\routes\assessment.routes.ts
FN:11,(anonymous_0)
FNF:1
FNH:1
FNDA:11,(anonymous_0)
DA:1,11
DA:2,11
DA:3,11
DA:4,11
DA:5,11
DA:6,11
DA:7,11
DA:8,11
DA:10,11
DA:12,11
DA:15,11
DA:27,11
DA:33,11
DA:39,11
DA:51,11
DA:61,11
LF:16
LH:16
BRF:0
BRH:0
end_of_record
TN:
SF:src\routes\auth.routes.ts
FN:7,(anonymous_0)
FNF:1
FNH:1
FNDA:11,(anonymous_0)
DA:1,11
DA:2,11
DA:3,11
DA:4,11
DA:6,11
DA:8,11
DA:10,11
DA:17,11
DA:27,11
LF:9
LH:9
BRF:0
BRH:0
end_of_record
TN:
SF:src\routes\index.ts
FN:9,(anonymous_1)
FN:10,(anonymous_2)
FNF:2
FNH:1
FNDA:11,(anonymous_1)
FNDA:0,(anonymous_2)
DA:2,11
DA:3,11
DA:4,11
DA:6,11
DA:7,11
DA:9,11
DA:10,11
DA:11,0
DA:17,11
DA:18,11
DA:20,11
DA:21,11
DA:22,11
LF:13
LH:12
BRF:0
BRH:0
end_of_record
TN:
SF:src\routes\student.routes.ts
FN:9,(anonymous_0)
FNF:1
FNH:1
FNDA:11,(anonymous_0)
DA:1,11
DA:2,11
DA:3,11
DA:4,11
DA:5,11
DA:6,11
DA:8,11
DA:10,11
DA:12,11
DA:19,11
DA:27,11
DA:39,11
DA:46,11
LF:13
LH:13
BRF:0
BRH:0
end_of_record
TN:
SF:src\services\assessments.service.ts
FN:11,(anonymous_0)
FN:73,(anonymous_1)
FN:102,(anonymous_2)
FN:113,(anonymous_3)
FN:153,(anonymous_4)
FN:199,(anonymous_5)
FN:231,(anonymous_6)
FN:246,removeEmptyFields
FNF:8
FNH:8
FNDA:4,(anonymous_0)
FNDA:4,(anonymous_1)
FNDA:8,(anonymous_2)
FNDA:4,(anonymous_3)
FNDA:4,(anonymous_4)
FNDA:3,(anonymous_5)
FNDA:10,(anonymous_6)
FNDA:4,removeEmptyFields
DA:2,16
DA:10,16
DA:15,4
DA:17,4
DA:19,4
DA:23,4
DA:24,1
DA:31,3
DA:32,1
DA:39,2
DA:50,1
DA:65,1
DA:78,4
DA:79,4
DA:80,2
DA:83,4
DA:84,4
DA:90,3
DA:91,1
DA:98,2
DA:102,8
DA:105,1
DA:118,4
DA:119,4
DA:123,3
DA:124,1
DA:130,2
DA:131,1
DA:138,1
DA:145,1
DA:158,4
DA:160,4
DA:161,1
DA:167,3
DA:168,3
DA:172,3
DA:173,1
DA:179,2
DA:184,1
DA:191,1
DA:200,3
DA:201,3
DA:205,3
DA:206,1
DA:213,2
DA:216,1
DA:223,1
DA:232,10
DA:247,4
DA:248,4
DA:249,7
DA:250,4
DA:253,4
LF:53
LH:53
BRDA:23,0,0,1
BRDA:31,1,0,1
BRDA:31,2,0,3
BRDA:31,2,1,1
BRDA:45,3,0,2
BRDA:45,3,1,0
BRDA:79,4,0,2
BRDA:90,5,0,1
BRDA:90,6,0,3
BRDA:90,6,1,3
BRDA:123,7,0,1
BRDA:130,8,0,1
BRDA:130,9,0,2
BRDA:130,9,1,1
BRDA:160,10,0,1
BRDA:172,11,0,1
BRDA:205,12,0,1
BRDA:249,13,0,4
BRDA:249,14,0,7
BRDA:249,14,1,7
BRDA:249,14,2,4
BRF:21
BRH:20
end_of_record
TN:
SF:src\services\auth.service.ts
FN:9,(anonymous_0)
FN:70,(anonymous_1)
FNF:2
FNH:2
FNDA:5,(anonymous_0)
FNDA:6,(anonymous_1)
DA:1,13
DA:4,13
DA:5,13
DA:8,13
DA:10,5
DA:12,5
DA:14,5
DA:18,3
DA:19,1
DA:27,2
DA:28,2
DA:29,2
DA:31,2
DA:32,1
DA:40,1
DA:42,1
DA:49,1
DA:52,1
DA:62,2
DA:71,6
DA:74,6
DA:81,6
DA:82,2
DA:83,1
DA:90,1
DA:91,1
DA:99,4
DA:101,4
DA:102,4
DA:105,3
DA:116,1
DA:129,3
LF:32
LH:32
BRDA:18,0,0,1
BRDA:31,1,0,1
BRDA:81,2,0,2
BRDA:82,3,0,1
BRDA:90,4,0,1
BRF:5
BRH:5
end_of_record
TN:
SF:src\services\index.ts
FNF:0
FNH:0
DA:1,11
DA:2,11
LF:2
LH:2
BRF:0
BRH:0
end_of_record
TN:
SF:src\services\student.service.ts
FN:12,(anonymous_0)
FN:40,(anonymous_1)
FN:51,(anonymous_2)
FN:99,(anonymous_3)
FN:187,(anonymous_4)
FN:222,(anonymous_5)
FN:233,(anonymous_6)
FN:247,removeEmptyFields
FNF:8
FNH:7
FNDA:5,(anonymous_0)
FNDA:14,(anonymous_1)
FNDA:4,(anonymous_2)
FNDA:6,(anonymous_3)
FNDA:3,(anonymous_4)
FNDA:17,(anonymous_5)
FNDA:0,(anonymous_6)
FNDA:6,removeEmptyFields
DA:6,15
DA:9,15
DA:11,15
DA:13,5
DA:14,5
DA:16,5
DA:17,3
DA:20,5
DA:21,1
DA:24,5
DA:28,4
DA:29,1
DA:36,3
DA:40,14
DA:43,1
DA:56,4
DA:57,1
DA:65,3
DA:67,3
DA:75,2
DA:76,1
DA:84,1
DA:91,1
DA:104,6
DA:107,6
DA:109,6
DA:110,1
DA:117,5
DA:118,5
DA:122,5
DA:123,1
DA:131,4
DA:132,2
DA:133,2
DA:138,2
DA:139,1
DA:146,1
DA:151,1
DA:152,1
DA:159,0
DA:163,2
DA:172,1
DA:179,1
DA:188,3
DA:190,3
DA:192,3
DA:193,1
DA:201,2
DA:207,1
DA:214,1
DA:225,17
DA:233,0
DA:248,6
DA:249,6
DA:250,18
DA:251,7
DA:254,6
LF:57
LH:55
BRDA:16,0,0,3
BRDA:20,1,0,1
BRDA:28,2,0,1
BRDA:28,3,0,4
BRDA:28,3,1,4
BRDA:56,4,0,1
BRDA:56,5,0,4
BRDA:56,5,1,3
BRDA:75,6,0,1
BRDA:109,7,0,1
BRDA:122,8,0,1
BRDA:131,9,0,2
BRDA:131,10,0,4
BRDA:131,10,1,2
BRDA:138,11,0,1
BRDA:151,12,0,1
BRDA:167,13,0,2
BRDA:167,13,1,0
BRDA:192,14,0,1
BRDA:250,15,0,7
BRDA:250,16,0,18
BRDA:250,16,1,18
BRDA:250,16,2,7
BRF:23
BRH:22
end_of_record
TN:
SF:src\utils\bcrypt.ts
FN:5,(anonymous_1)
FN:11,(anonymous_2)
FNF:2
FNH:1
FNDA:1,(anonymous_1)
FNDA:0,(anonymous_2)
DA:1,17
DA:3,17
DA:6,1
DA:7,1
DA:12,0
DA:13,0
LF:6
LH:4
BRF:0
BRH:0
end_of_record
TN:
SF:src\utils\jwt.ts
FN:12,(anonymous_1)
FN:32,(anonymous_2)
FNF:2
FNH:2
FNDA:36,(anonymous_1)
FNDA:45,(anonymous_2)
DA:1,13
DA:10,13
DA:13,36
DA:14,36
DA:15,0
DA:18,36
DA:23,36
DA:24,36
DA:25,36
DA:27,0
DA:33,45
DA:34,45
DA:35,0
DA:37,45
DA:38,45
DA:39,36
DA:41,9
LF:17
LH:14
BRDA:14,0,0,0
BRDA:34,1,0,0
BRF:2
BRH:0
end_of_record
